<<<<<<< Updated upstream
# project ns (3-dev) configured on Tue Nov  8 02:14:21 2016 by
# waf 1.8.19 (abi 98, python 20709f0 on linux2)
# using ./waf configure -d optimized --enable-examples --enable-tests
=======
# project ns (3-dev) configured on Sun Feb  5 20:07:53 2017 by
# waf 1.8.19 (abi 98, python 2070cf0 on linux2)
# using ./waf configure
>>>>>>> Stashed changes
#
----------------------------------------
Setting top to
/home/sovietreborn/ns3-lbt_research
----------------------------------------
Setting out to
/home/sovietreborn/ns3-lbt_research/build
----------------------------------------
Checking for 'gcc' (C compiler)
find program=['gcc', 'cc'] paths=['/home/sovietreborn/bin', '/home/sovietreborn/.local/bin', '/usr/local/sbin', '/usr/local/bin', '/usr/sbin', '/usr/bin', '/sbin', '/bin', '/usr/games', '/usr/local/games', '/snap/bin', '/usr/lib/jvm/java-8-oracle/bin', '/usr/lib/jvm/java-8-oracle/db/bin', '/usr/lib/jvm/java-8-oracle/jre/bin'] var='CC' -> ['/usr/bin/gcc']
['/usr/bin/gcc', '-dM', '-E', '-']
out: #define __SSP_STRONG__ 3
#define __DBL_MIN_EXP__ (-1021)
#define __UINT_LEAST16_MAX__ 0xffff
#define __ATOMIC_ACQUIRE 2
#define __FLT_MIN__ 1.17549435082228750797e-38F
#define __GCC_IEC_559_COMPLEX 2
#define __UINT_LEAST8_TYPE__ unsigned char
#define __SIZEOF_FLOAT80__ 16
#define __INTMAX_C(c) c ## L
#define __CHAR_BIT__ 8
#define __UINT8_MAX__ 0xff
#define __WINT_MAX__ 0xffffffffU
#define __ORDER_LITTLE_ENDIAN__ 1234
#define __SIZE_MAX__ 0xffffffffffffffffUL
#define __WCHAR_MAX__ 0x7fffffff
#define __GCC_HAVE_SYNC_COMPARE_AND_SWAP_1 1
#define __GCC_HAVE_SYNC_COMPARE_AND_SWAP_2 1
#define __GCC_HAVE_SYNC_COMPARE_AND_SWAP_4 1
#define __DBL_DENORM_MIN__ ((double)4.94065645841246544177e-324L)
#define __GCC_HAVE_SYNC_COMPARE_AND_SWAP_8 1
#define __GCC_ATOMIC_CHAR_LOCK_FREE 2
#define __GCC_IEC_559 2
#define __FLT_EVAL_METHOD__ 0
#define __unix__ 1
#define __GCC_ATOMIC_CHAR32_T_LOCK_FREE 2
#define __x86_64 1
#define __UINT_FAST64_MAX__ 0xffffffffffffffffUL
#define __SIG_ATOMIC_TYPE__ int
#define __DBL_MIN_10_EXP__ (-307)
#define __FINITE_MATH_ONLY__ 0
#define __GNUC_PATCHLEVEL__ 0
#define __UINT_FAST8_MAX__ 0xff
#define __has_include(STR) __has_include__(STR)
#define __DEC64_MAX_EXP__ 385
#define __INT8_C(c) c
#define __UINT_LEAST64_MAX__ 0xffffffffffffffffUL
#define __SHRT_MAX__ 0x7fff
#define __LDBL_MAX__ 1.18973149535723176502e+4932L
#define __UINT_LEAST8_MAX__ 0xff
#define __GCC_ATOMIC_BOOL_LOCK_FREE 2
#define __UINTMAX_TYPE__ long unsigned int
#define __linux 1
#define __DEC32_EPSILON__ 1E-6DF
#define __unix 1
#define __UINT32_MAX__ 0xffffffffU
#define __LDBL_MAX_EXP__ 16384
#define __WINT_MIN__ 0U
#define __linux__ 1
#define __SCHAR_MAX__ 0x7f
#define __WCHAR_MIN__ (-__WCHAR_MAX__ - 1)
#define __INT64_C(c) c ## L
#define __DBL_DIG__ 15
#define __GCC_ATOMIC_POINTER_LOCK_FREE 2
#define __SIZEOF_INT__ 4
#define __SIZEOF_POINTER__ 8
#define __USER_LABEL_PREFIX__ 
#define __STDC_HOSTED__ 1
#define __LDBL_HAS_INFINITY__ 1
#define __FLT_EPSILON__ 1.19209289550781250000e-7F
#define __LDBL_MIN__ 3.36210314311209350626e-4932L
#define __STDC_UTF_16__ 1
#define __DEC32_MAX__ 9.999999E96DF
#define __INT32_MAX__ 0x7fffffff
#define __SIZEOF_LONG__ 8
#define __STDC_IEC_559__ 1
#define __STDC_ISO_10646__ 201505L
#define __UINT16_C(c) c
#define __DECIMAL_DIG__ 21
#define __gnu_linux__ 1
#define __has_include_next(STR) __has_include_next__(STR)
#define __LDBL_HAS_QUIET_NAN__ 1
#define __GNUC__ 5
#define __MMX__ 1
#define __FLT_HAS_DENORM__ 1
#define __SIZEOF_LONG_DOUBLE__ 16
#define __BIGGEST_ALIGNMENT__ 16
#define __DBL_MAX__ ((double)1.79769313486231570815e+308L)
#define __INT_FAST32_MAX__ 0x7fffffffffffffffL
#define __DBL_HAS_INFINITY__ 1
#define __DEC32_MIN_EXP__ (-94)
#define __INT_FAST16_TYPE__ long int
#define __LDBL_HAS_DENORM__ 1
#define __DEC128_MAX__ 9.999999999999999999999999999999999E6144DL
#define __INT_LEAST32_MAX__ 0x7fffffff
#define __DEC32_MIN__ 1E-95DF
#define __DBL_MAX_EXP__ 1024
#define __DEC128_EPSILON__ 1E-33DL
#define __SSE2_MATH__ 1
#define __ATOMIC_HLE_RELEASE 131072
#define __PTRDIFF_MAX__ 0x7fffffffffffffffL
#define __amd64 1
#define __STDC_NO_THREADS__ 1
#define __ATOMIC_HLE_ACQUIRE 65536
#define __LONG_LONG_MAX__ 0x7fffffffffffffffLL
#define __SIZEOF_SIZE_T__ 8
#define __SIZEOF_WINT_T__ 4
#define __GCC_HAVE_DWARF2_CFI_ASM 1
#define __GXX_ABI_VERSION 1009
#define __FLT_MIN_EXP__ (-125)
#define __INT_FAST64_TYPE__ long int
#define __DBL_MIN__ ((double)2.22507385850720138309e-308L)
#define __LP64__ 1
#define __DECIMAL_BID_FORMAT__ 1
#define __DEC128_MIN__ 1E-6143DL
#define __REGISTER_PREFIX__ 
#define __UINT16_MAX__ 0xffff
#define __DBL_HAS_DENORM__ 1
#define __UINT8_TYPE__ unsigned char
#define __NO_INLINE__ 1
#define __FLT_MANT_DIG__ 24
#define __VERSION__ "5.4.0 20160609"
#define __UINT64_C(c) c ## UL
#define _STDC_PREDEF_H 1
#define __GCC_ATOMIC_INT_LOCK_FREE 2
#define __FLOAT_WORD_ORDER__ __ORDER_LITTLE_ENDIAN__
#define __STDC_IEC_559_COMPLEX__ 1
#define __INT32_C(c) c
#define __DEC64_EPSILON__ 1E-15DD
#define __ORDER_PDP_ENDIAN__ 3412
#define __DEC128_MIN_EXP__ (-6142)
#define __INT_FAST32_TYPE__ long int
#define __UINT_LEAST16_TYPE__ short unsigned int
#define unix 1
#define __INT16_MAX__ 0x7fff
#define __SIZE_TYPE__ long unsigned int
#define __UINT64_MAX__ 0xffffffffffffffffUL
#define __INT8_TYPE__ signed char
#define __ELF__ 1
#define __FLT_RADIX__ 2
#define __INT_LEAST16_TYPE__ short int
#define __LDBL_EPSILON__ 1.08420217248550443401e-19L
#define __UINTMAX_C(c) c ## UL
#define __SSE_MATH__ 1
#define __k8 1
#define __SIG_ATOMIC_MAX__ 0x7fffffff
#define __GCC_ATOMIC_WCHAR_T_LOCK_FREE 2
#define __SIZEOF_PTRDIFF_T__ 8
#define __x86_64__ 1
#define __DEC32_SUBNORMAL_MIN__ 0.000001E-95DF
#define __INT_FAST16_MAX__ 0x7fffffffffffffffL
#define __UINT_FAST32_MAX__ 0xffffffffffffffffUL
#define __UINT_LEAST64_TYPE__ long unsigned int
#define __FLT_HAS_QUIET_NAN__ 1
#define __FLT_MAX_10_EXP__ 38
#define __LONG_MAX__ 0x7fffffffffffffffL
#define __DEC128_SUBNORMAL_MIN__ 0.000000000000000000000000000000001E-6143DL
#define __FLT_HAS_INFINITY__ 1
#define __UINT_FAST16_TYPE__ long unsigned int
#define __DEC64_MAX__ 9.999999999999999E384DD
#define __CHAR16_TYPE__ short unsigned int
#define __PRAGMA_REDEFINE_EXTNAME 1
#define __INT_LEAST16_MAX__ 0x7fff
#define __DEC64_MANT_DIG__ 16
#define __INT64_MAX__ 0x7fffffffffffffffL
#define __UINT_LEAST32_MAX__ 0xffffffffU
#define __GCC_ATOMIC_LONG_LOCK_FREE 2
#define __INT_LEAST64_TYPE__ long int
#define __INT16_TYPE__ short int
#define __INT_LEAST8_TYPE__ signed char
#define __STDC_VERSION__ 201112L
#define __DEC32_MAX_EXP__ 97
#define __INT_FAST8_MAX__ 0x7f
#define __INTPTR_MAX__ 0x7fffffffffffffffL
#define linux 1
#define __SSE2__ 1
#define __LDBL_MANT_DIG__ 64
#define __DBL_HAS_QUIET_NAN__ 1
#define __SIG_ATOMIC_MIN__ (-__SIG_ATOMIC_MAX__ - 1)
#define __code_model_small__ 1
#define __k8__ 1
#define __INTPTR_TYPE__ long int
#define __UINT16_TYPE__ short unsigned int
#define __WCHAR_TYPE__ int
#define __SIZEOF_FLOAT__ 4
#define __UINTPTR_MAX__ 0xffffffffffffffffUL
#define __DEC64_MIN_EXP__ (-382)
#define __INT_FAST64_MAX__ 0x7fffffffffffffffL
#define __GCC_ATOMIC_TEST_AND_SET_TRUEVAL 1
#define __FLT_DIG__ 6
#define __UINT_FAST64_TYPE__ long unsigned int
#define __INT_MAX__ 0x7fffffff
#define __amd64__ 1
#define __INT64_TYPE__ long int
#define __FLT_MAX_EXP__ 128
#define __ORDER_BIG_ENDIAN__ 4321
#define __DBL_MANT_DIG__ 53
#define __SIZEOF_FLOAT128__ 16
#define __INT_LEAST64_MAX__ 0x7fffffffffffffffL
#define __GCC_ATOMIC_CHAR16_T_LOCK_FREE 2
#define __DEC64_MIN__ 1E-383DD
#define __WINT_TYPE__ unsigned int
#define __UINT_LEAST32_TYPE__ unsigned int
#define __SIZEOF_SHORT__ 2
#define __SSE__ 1
#define __LDBL_MIN_EXP__ (-16381)
#define __INT_LEAST8_MAX__ 0x7f
#define __SIZEOF_INT128__ 16
#define __LDBL_MAX_10_EXP__ 4932
#define __ATOMIC_RELAXED 0
#define __DBL_EPSILON__ ((double)2.22044604925031308085e-16L)
#define _LP64 1
#define __UINT8_C(c) c
#define __INT_LEAST32_TYPE__ int
#define __SIZEOF_WCHAR_T__ 4
#define __UINT64_TYPE__ long unsigned int
#define __INT_FAST8_TYPE__ signed char
#define __GNUC_STDC_INLINE__ 1
#define __DBL_DECIMAL_DIG__ 17
#define __STDC_UTF_32__ 1
#define __FXSR__ 1
#define __DEC_EVAL_METHOD__ 2
#define __UINT32_C(c) c ## U
#define __INTMAX_MAX__ 0x7fffffffffffffffL
#define __BYTE_ORDER__ __ORDER_LITTLE_ENDIAN__
#define __FLT_DENORM_MIN__ 1.40129846432481707092e-45F
#define __INT8_MAX__ 0x7f
#define __UINT_FAST32_TYPE__ long unsigned int
#define __CHAR32_TYPE__ unsigned int
#define __FLT_MAX__ 3.40282346638528859812e+38F
#define __INT32_TYPE__ int
#define __SIZEOF_DOUBLE__ 8
#define __FLT_MIN_10_EXP__ (-37)
#define __INTMAX_TYPE__ long int
#define __DEC128_MAX_EXP__ 6145
#define __ATOMIC_CONSUME 1
#define __GNUC_MINOR__ 4
#define __UINTMAX_MAX__ 0xffffffffffffffffUL
#define __DEC32_MANT_DIG__ 7
#define __DBL_MAX_10_EXP__ 308
#define __LDBL_DENORM_MIN__ 3.64519953188247460253e-4951L
#define __INT16_C(c) c
#define __STDC__ 1
#define __PTRDIFF_TYPE__ long int
#define __ATOMIC_SEQ_CST 5
#define __UINT32_TYPE__ unsigned int
#define __UINTPTR_TYPE__ long unsigned int
#define __DEC64_SUBNORMAL_MIN__ 0.000000000000001E-383DD
#define __DEC128_MANT_DIG__ 34
#define __LDBL_MIN_10_EXP__ (-4931)
#define __SIZEOF_LONG_LONG__ 8
#define __GCC_ATOMIC_LLONG_LOCK_FREE 2
#define __LDBL_DIG__ 18
#define __FLT_DECIMAL_DIG__ 9
#define __UINT_FAST16_MAX__ 0xffffffffffffffffUL
#define __GCC_ATOMIC_SHORT_LOCK_FREE 2
#define __UINT_FAST8_TYPE__ unsigned char
#define __ATOMIC_ACQ_REL 4
#define __ATOMIC_RELEASE 3

find program=['ar'] paths=['/home/sovietreborn/bin', '/home/sovietreborn/.local/bin', '/usr/local/sbin', '/usr/local/bin', '/usr/sbin', '/usr/bin', '/sbin', '/bin', '/usr/games', '/usr/local/games', '/snap/bin', '/usr/lib/jvm/java-8-oracle/bin', '/usr/lib/jvm/java-8-oracle/db/bin', '/usr/lib/jvm/java-8-oracle/jre/bin'] var='AR' -> ['/usr/bin/ar']
/usr/bin/gcc
----------------------------------------
Checking for cc version
5.4.0
----------------------------------------
Checking for 'g++' (C++ compiler)
find program=['g++', 'c++'] paths=['/home/sovietreborn/bin', '/home/sovietreborn/.local/bin', '/usr/local/sbin', '/usr/local/bin', '/usr/sbin', '/usr/bin', '/sbin', '/bin', '/usr/games', '/usr/local/games', '/snap/bin', '/usr/lib/jvm/java-8-oracle/bin', '/usr/lib/jvm/java-8-oracle/db/bin', '/usr/lib/jvm/java-8-oracle/jre/bin'] var='CXX' -> ['/usr/bin/g++']
['/usr/bin/g++', '-dM', '-E', '-']
out: #define __SSP_STRONG__ 3
#define __DBL_MIN_EXP__ (-1021)
#define __UINT_LEAST16_MAX__ 0xffff
#define __ATOMIC_ACQUIRE 2
#define __FLT_MIN__ 1.17549435082228750797e-38F
#define __GCC_IEC_559_COMPLEX 2
#define __UINT_LEAST8_TYPE__ unsigned char
#define __SIZEOF_FLOAT80__ 16
#define __INTMAX_C(c) c ## L
#define __CHAR_BIT__ 8
#define __UINT8_MAX__ 0xff
#define __WINT_MAX__ 0xffffffffU
#define __ORDER_LITTLE_ENDIAN__ 1234
#define __SIZE_MAX__ 0xffffffffffffffffUL
#define __WCHAR_MAX__ 0x7fffffff
#define __GCC_HAVE_SYNC_COMPARE_AND_SWAP_1 1
#define __GCC_HAVE_SYNC_COMPARE_AND_SWAP_2 1
#define __GCC_HAVE_SYNC_COMPARE_AND_SWAP_4 1
#define __DBL_DENORM_MIN__ ((double)4.94065645841246544177e-324L)
#define __GCC_HAVE_SYNC_COMPARE_AND_SWAP_8 1
#define __GCC_ATOMIC_CHAR_LOCK_FREE 2
#define __GCC_IEC_559 2
#define __FLT_EVAL_METHOD__ 0
#define __unix__ 1
#define __GCC_ATOMIC_CHAR32_T_LOCK_FREE 2
#define __x86_64 1
#define __UINT_FAST64_MAX__ 0xffffffffffffffffUL
#define __SIG_ATOMIC_TYPE__ int
#define __DBL_MIN_10_EXP__ (-307)
#define __FINITE_MATH_ONLY__ 0
#define __GNUC_PATCHLEVEL__ 0
#define __UINT_FAST8_MAX__ 0xff
#define __has_include(STR) __has_include__(STR)
#define __DEC64_MAX_EXP__ 385
#define __INT8_C(c) c
#define __UINT_LEAST64_MAX__ 0xffffffffffffffffUL
#define __SHRT_MAX__ 0x7fff
#define __LDBL_MAX__ 1.18973149535723176502e+4932L
#define __UINT_LEAST8_MAX__ 0xff
#define __GCC_ATOMIC_BOOL_LOCK_FREE 2
#define __UINTMAX_TYPE__ long unsigned int
#define __linux 1
#define __DEC32_EPSILON__ 1E-6DF
#define __unix 1
#define __UINT32_MAX__ 0xffffffffU
#define __LDBL_MAX_EXP__ 16384
#define __WINT_MIN__ 0U
#define __linux__ 1
#define __SCHAR_MAX__ 0x7f
#define __WCHAR_MIN__ (-__WCHAR_MAX__ - 1)
#define __INT64_C(c) c ## L
#define __DBL_DIG__ 15
#define __GCC_ATOMIC_POINTER_LOCK_FREE 2
#define __SIZEOF_INT__ 4
#define __SIZEOF_POINTER__ 8
#define __USER_LABEL_PREFIX__ 
#define __STDC_HOSTED__ 1
#define __LDBL_HAS_INFINITY__ 1
#define __FLT_EPSILON__ 1.19209289550781250000e-7F
#define __LDBL_MIN__ 3.36210314311209350626e-4932L
#define __STDC_UTF_16__ 1
#define __DEC32_MAX__ 9.999999E96DF
#define __INT32_MAX__ 0x7fffffff
#define __SIZEOF_LONG__ 8
#define __STDC_IEC_559__ 1
#define __STDC_ISO_10646__ 201505L
#define __UINT16_C(c) c
#define __DECIMAL_DIG__ 21
#define __gnu_linux__ 1
#define __has_include_next(STR) __has_include_next__(STR)
#define __LDBL_HAS_QUIET_NAN__ 1
#define __GNUC__ 5
#define __MMX__ 1
#define __FLT_HAS_DENORM__ 1
#define __SIZEOF_LONG_DOUBLE__ 16
#define __BIGGEST_ALIGNMENT__ 16
#define __DBL_MAX__ ((double)1.79769313486231570815e+308L)
#define __INT_FAST32_MAX__ 0x7fffffffffffffffL
#define __DBL_HAS_INFINITY__ 1
#define __DEC32_MIN_EXP__ (-94)
#define __INT_FAST16_TYPE__ long int
#define __LDBL_HAS_DENORM__ 1
#define __DEC128_MAX__ 9.999999999999999999999999999999999E6144DL
#define __INT_LEAST32_MAX__ 0x7fffffff
#define __DEC32_MIN__ 1E-95DF
#define __DBL_MAX_EXP__ 1024
#define __DEC128_EPSILON__ 1E-33DL
#define __SSE2_MATH__ 1
#define __ATOMIC_HLE_RELEASE 131072
#define __PTRDIFF_MAX__ 0x7fffffffffffffffL
#define __amd64 1
#define __STDC_NO_THREADS__ 1
#define __ATOMIC_HLE_ACQUIRE 65536
#define __LONG_LONG_MAX__ 0x7fffffffffffffffLL
#define __SIZEOF_SIZE_T__ 8
#define __SIZEOF_WINT_T__ 4
#define __GCC_HAVE_DWARF2_CFI_ASM 1
#define __GXX_ABI_VERSION 1009
#define __FLT_MIN_EXP__ (-125)
#define __INT_FAST64_TYPE__ long int
#define __DBL_MIN__ ((double)2.22507385850720138309e-308L)
#define __LP64__ 1
#define __DECIMAL_BID_FORMAT__ 1
#define __DEC128_MIN__ 1E-6143DL
#define __REGISTER_PREFIX__ 
#define __UINT16_MAX__ 0xffff
#define __DBL_HAS_DENORM__ 1
#define __UINT8_TYPE__ unsigned char
#define __NO_INLINE__ 1
#define __FLT_MANT_DIG__ 24
#define __VERSION__ "5.4.0 20160609"
#define __UINT64_C(c) c ## UL
#define _STDC_PREDEF_H 1
#define __GCC_ATOMIC_INT_LOCK_FREE 2
#define __FLOAT_WORD_ORDER__ __ORDER_LITTLE_ENDIAN__
#define __STDC_IEC_559_COMPLEX__ 1
#define __INT32_C(c) c
#define __DEC64_EPSILON__ 1E-15DD
#define __ORDER_PDP_ENDIAN__ 3412
#define __DEC128_MIN_EXP__ (-6142)
#define __INT_FAST32_TYPE__ long int
#define __UINT_LEAST16_TYPE__ short unsigned int
#define unix 1
#define __INT16_MAX__ 0x7fff
#define __SIZE_TYPE__ long unsigned int
#define __UINT64_MAX__ 0xffffffffffffffffUL
#define __INT8_TYPE__ signed char
#define __ELF__ 1
#define __FLT_RADIX__ 2
#define __INT_LEAST16_TYPE__ short int
#define __LDBL_EPSILON__ 1.08420217248550443401e-19L
#define __UINTMAX_C(c) c ## UL
#define __SSE_MATH__ 1
#define __k8 1
#define __SIG_ATOMIC_MAX__ 0x7fffffff
#define __GCC_ATOMIC_WCHAR_T_LOCK_FREE 2
#define __SIZEOF_PTRDIFF_T__ 8
#define __x86_64__ 1
<<<<<<< Updated upstream
#define linux 1
#define unix 1

from /home/sovietreborn/ns3-lbt_research: Could not find gcc/g++ (only Clang), if renamed try eg: CC=gcc48 CXX=g++48 waf configure
not found
----------------------------------------
Checking for 'clang++' (C++ compiler)
find program=['clang++'] paths=['/usr/local/bin', '/usr/bin', '/bin', '/usr/local/games', '/usr/games'] var='CXX' -> ['/usr/bin/clang++']
['/usr/bin/clang++', '-dM', '-E', '-']
out: #define _LP64 1
#define __ATOMIC_ACQUIRE 2
#define __ATOMIC_ACQ_REL 4
#define __ATOMIC_CONSUME 1
#define __ATOMIC_RELAXED 0
#define __ATOMIC_RELEASE 3
#define __ATOMIC_SEQ_CST 5
#define __BYTE_ORDER__ __ORDER_LITTLE_ENDIAN__
#define __CHAR16_TYPE__ unsigned short
#define __CHAR32_TYPE__ unsigned int
#define __CHAR_BIT__ 8
#define __CONSTANT_CFSTRINGS__ 1
#define __DBL_DENORM_MIN__ 4.9406564584124654e-324
#define __DBL_DIG__ 15
#define __DBL_EPSILON__ 2.2204460492503131e-16
#define __DBL_HAS_DENORM__ 1
#define __DBL_HAS_INFINITY__ 1
#define __DBL_HAS_QUIET_NAN__ 1
#define __DBL_MANT_DIG__ 53
#define __DBL_MAX_10_EXP__ 308
#define __DBL_MAX_EXP__ 1024
#define __DBL_MAX__ 1.7976931348623157e+308
#define __DBL_MIN_10_EXP__ (-307)
#define __DBL_MIN_EXP__ (-1021)
#define __DBL_MIN__ 2.2250738585072014e-308
#define __DECIMAL_DIG__ 21
#define __ELF__ 1
#define __FINITE_MATH_ONLY__ 0
#define __FLT_DENORM_MIN__ 1.40129846e-45F
#define __FLT_DIG__ 6
#define __FLT_EPSILON__ 1.19209290e-7F
#define __FLT_EVAL_METHOD__ 0
#define __FLT_HAS_DENORM__ 1
#define __FLT_HAS_INFINITY__ 1
=======
#define __DEC32_SUBNORMAL_MIN__ 0.000001E-95DF
#define __INT_FAST16_MAX__ 0x7fffffffffffffffL
#define __UINT_FAST32_MAX__ 0xffffffffffffffffUL
#define __UINT_LEAST64_TYPE__ long unsigned int
>>>>>>> Stashed changes
#define __FLT_HAS_QUIET_NAN__ 1
#define __FLT_MAX_10_EXP__ 38
#define __LONG_MAX__ 0x7fffffffffffffffL
#define __DEC128_SUBNORMAL_MIN__ 0.000000000000000000000000000000001E-6143DL
#define __FLT_HAS_INFINITY__ 1
#define __UINT_FAST16_TYPE__ long unsigned int
#define __DEC64_MAX__ 9.999999999999999E384DD
#define __CHAR16_TYPE__ short unsigned int
#define __PRAGMA_REDEFINE_EXTNAME 1
#define __INT_LEAST16_MAX__ 0x7fff
#define __DEC64_MANT_DIG__ 16
#define __INT64_MAX__ 0x7fffffffffffffffL
#define __UINT_LEAST32_MAX__ 0xffffffffU
#define __GCC_ATOMIC_LONG_LOCK_FREE 2
#define __INT_LEAST64_TYPE__ long int
#define __INT16_TYPE__ short int
#define __INT_LEAST8_TYPE__ signed char
#define __STDC_VERSION__ 201112L
#define __DEC32_MAX_EXP__ 97
#define __INT_FAST8_MAX__ 0x7f
#define __INTPTR_MAX__ 0x7fffffffffffffffL
#define linux 1
#define __SSE2__ 1
#define __LDBL_MANT_DIG__ 64
#define __DBL_HAS_QUIET_NAN__ 1
#define __SIG_ATOMIC_MIN__ (-__SIG_ATOMIC_MAX__ - 1)
#define __code_model_small__ 1
#define __k8__ 1
#define __INTPTR_TYPE__ long int
#define __UINT16_TYPE__ short unsigned int
#define __WCHAR_TYPE__ int
#define __SIZEOF_FLOAT__ 4
#define __UINTPTR_MAX__ 0xffffffffffffffffUL
#define __DEC64_MIN_EXP__ (-382)
#define __INT_FAST64_MAX__ 0x7fffffffffffffffL
#define __GCC_ATOMIC_TEST_AND_SET_TRUEVAL 1
#define __FLT_DIG__ 6
#define __UINT_FAST64_TYPE__ long unsigned int
#define __INT_MAX__ 0x7fffffff
#define __amd64__ 1
#define __INT64_TYPE__ long int
#define __FLT_MAX_EXP__ 128
#define __ORDER_BIG_ENDIAN__ 4321
#define __DBL_MANT_DIG__ 53
#define __SIZEOF_FLOAT128__ 16
#define __INT_LEAST64_MAX__ 0x7fffffffffffffffL
#define __GCC_ATOMIC_CHAR16_T_LOCK_FREE 2
#define __DEC64_MIN__ 1E-383DD
#define __WINT_TYPE__ unsigned int
#define __UINT_LEAST32_TYPE__ unsigned int
#define __SIZEOF_SHORT__ 2
#define __SSE__ 1
#define __LDBL_MIN_EXP__ (-16381)
#define __INT_LEAST8_MAX__ 0x7f
#define __SIZEOF_INT128__ 16
#define __LDBL_MAX_10_EXP__ 4932
#define __ATOMIC_RELAXED 0
#define __DBL_EPSILON__ ((double)2.22044604925031308085e-16L)
#define _LP64 1
#define __UINT8_C(c) c
#define __INT_LEAST32_TYPE__ int
#define __SIZEOF_WCHAR_T__ 4
#define __UINT64_TYPE__ long unsigned int
#define __INT_FAST8_TYPE__ signed char
#define __GNUC_STDC_INLINE__ 1
#define __DBL_DECIMAL_DIG__ 17
#define __STDC_UTF_32__ 1
#define __FXSR__ 1
#define __DEC_EVAL_METHOD__ 2
#define __UINT32_C(c) c ## U
#define __INTMAX_MAX__ 0x7fffffffffffffffL
#define __BYTE_ORDER__ __ORDER_LITTLE_ENDIAN__
#define __FLT_DENORM_MIN__ 1.40129846432481707092e-45F
#define __INT8_MAX__ 0x7f
#define __UINT_FAST32_TYPE__ long unsigned int
#define __CHAR32_TYPE__ unsigned int
#define __FLT_MAX__ 3.40282346638528859812e+38F
#define __INT32_TYPE__ int
#define __SIZEOF_DOUBLE__ 8
#define __FLT_MIN_10_EXP__ (-37)
#define __INTMAX_TYPE__ long int
#define __DEC128_MAX_EXP__ 6145
#define __ATOMIC_CONSUME 1
#define __GNUC_MINOR__ 4
#define __UINTMAX_MAX__ 0xffffffffffffffffUL
#define __DEC32_MANT_DIG__ 7
#define __DBL_MAX_10_EXP__ 308
#define __LDBL_DENORM_MIN__ 3.64519953188247460253e-4951L
#define __INT16_C(c) c
#define __STDC__ 1
#define __PTRDIFF_TYPE__ long int
#define __ATOMIC_SEQ_CST 5
#define __UINT32_TYPE__ unsigned int
#define __UINTPTR_TYPE__ long unsigned int
#define __DEC64_SUBNORMAL_MIN__ 0.000000000000001E-383DD
#define __DEC128_MANT_DIG__ 34
#define __LDBL_MIN_10_EXP__ (-4931)
#define __SIZEOF_LONG_LONG__ 8
#define __GCC_ATOMIC_LLONG_LOCK_FREE 2
#define __LDBL_DIG__ 18
#define __FLT_DECIMAL_DIG__ 9
#define __UINT_FAST16_MAX__ 0xffffffffffffffffUL
#define __GCC_ATOMIC_SHORT_LOCK_FREE 2
#define __UINT_FAST8_TYPE__ unsigned char
#define __ATOMIC_ACQ_REL 4
#define __ATOMIC_RELEASE 3

(tool ar is already loaded, skipping)
/usr/bin/g++
------------------------------------------------------
Checking for compilation flag -Wl,--soname=foo support
==>
int main() { return 0; }
<==
[1/1] Compiling [32mbuild/.conf_check_e4b9e1ad30570ee5076b6c17f436dddd/test.cpp[0m

['/usr/bin/g++', '-O0', '-ggdb', '-g3', '-Wall', '-Werror', '-Wl,--soname=foo', '-DNS3_BUILD_PROFILE_DEBUG', '-DNS3_ASSERT_ENABLE', '-DNS3_LOG_ENABLE', '../test.cpp', '-c', '-o', '/home/sovietreborn/ns3-lbt_research/build/.conf_check_e4b9e1ad30570ee5076b6c17f436dddd/testbuild/test.cpp.1.o']
ok
------------------------------------------------------
Checking for program 'python'
/usr/bin/python
find program=['python'] paths=['/home/sovietreborn/bin', '/home/sovietreborn/.local/bin', '/usr/local/sbin', '/usr/local/bin', '/usr/sbin', '/usr/bin', '/sbin', '/bin', '/usr/games', '/usr/local/games', '/snap/bin', '/usr/lib/jvm/java-8-oracle/bin', '/usr/lib/jvm/java-8-oracle/db/bin', '/usr/lib/jvm/java-8-oracle/jre/bin'] var='PYTHON' -> ['/usr/bin/python']
['/usr/bin/python', '-c', 'import imp;print(imp.get_tag())']
err: Traceback (most recent call last):
  File "<string>", line 1, in <module>
AttributeError: 'module' object has no attribute 'get_tag'

['/usr/bin/python', '-c', 'import sys\nfor x in sys.version_info: print(str(x))']
out: 2
7
12
final
0

['/usr/bin/python', '-c', "from distutils.sysconfig import get_config_var, get_python_lib\n\nprint(repr(get_python_lib(standard_lib=0, prefix='/usr/local') or ''))"]
out: '/usr/local/lib/python2.7/dist-packages'

'/usr/local/lib/python2.7/dist-packages'

['/usr/bin/python', '-c', "from distutils.sysconfig import get_config_var, get_python_lib\n\nprint(repr(get_python_lib(plat_specific=1, standard_lib=0, prefix='/usr/local') or ''))"]
out: '/usr/local/lib/python2.7/dist-packages'

'/usr/local/lib/python2.7/dist-packages'

------------------------------------------------------
Checking for python version
(2, 7, 12, 'final', 0)
['/usr/bin/python', '-c', "from distutils.sysconfig import get_config_var, get_python_lib\n\nprint(repr(get_config_var('prefix') or ''))\nprint(repr(get_config_var('SO') or ''))\nprint(repr(get_config_var('LDFLAGS') or ''))\nprint(repr(get_config_var('LIBDIR') or ''))\nprint(repr(get_config_var('LIBPL') or ''))\nprint(repr(get_config_var('INCLUDEPY') or ''))\nprint(repr(get_config_var('Py_ENABLE_SHARED') or ''))\nprint(repr(get_config_var('MACOSX_DEPLOYMENT_TARGET') or ''))\nprint(repr(get_config_var('LDSHARED') or ''))\nprint(repr(get_config_var('CFLAGS') or ''))\nprint(repr(get_config_var('LDVERSION') or ''))"]
out: '/usr'
'.so'
'-Wl,-Bsymbolic-functions -Wl,-z,relro'
'/usr/lib'
'/usr/lib/python2.7/config-x86_64-linux-gnu'
'/usr/include/python2.7'
1
''
'x86_64-linux-gnu-gcc -pthread -shared -Wl,-O1 -Wl,-Bsymbolic-functions -Wl,-Bsymbolic-functions -Wl,-z,relro -fno-strict-aliasing -DNDEBUG -g -fwrapv -O2 -Wall -Wstrict-prototypes -Wdate-time -D_FORTIFY_SOURCE=2 -g -fstack-protector-strong -Wformat -Werror=format-security  '
'-fno-strict-aliasing -DNDEBUG -g -fwrapv -O2 -Wall -Wstrict-prototypes -Wdate-time -D_FORTIFY_SOURCE=2 -g -fstack-protector-strong -Wformat -Werror=format-security  '
''

'/usr'
'.so'
'-Wl,-Bsymbolic-functions -Wl,-z,relro'
'/usr/lib'
'/usr/lib/python2.7/config-x86_64-linux-gnu'
'/usr/include/python2.7'
1
''
'x86_64-linux-gnu-gcc -pthread -shared -Wl,-O1 -Wl,-Bsymbolic-functions -Wl,-Bsymbolic-functions -Wl,-z,relro -fno-strict-aliasing -DNDEBUG -g -fwrapv -O2 -Wall -Wstrict-prototypes -Wdate-time -D_FORTIFY_SOURCE=2 -g -fstack-protector-strong -Wformat -Werror=format-security  '
'-fno-strict-aliasing -DNDEBUG -g -fwrapv -O2 -Wall -Wstrict-prototypes -Wdate-time -D_FORTIFY_SOURCE=2 -g -fstack-protector-strong -Wformat -Werror=format-security  '
''

Configuration returned from ['/usr/bin/python']:
prefix = '/usr'
SO = '.so'
LDFLAGS = '-Wl,-Bsymbolic-functions -Wl,-z,relro'
LIBDIR = '/usr/lib'
LIBPL = '/usr/lib/python2.7/config-x86_64-linux-gnu'
INCLUDEPY = '/usr/include/python2.7'
Py_ENABLE_SHARED = 1
MACOSX_DEPLOYMENT_TARGET = ''
LDSHARED = 'x86_64-linux-gnu-gcc -pthread -shared -Wl,-O1 -Wl,-Bsymbolic-functions -Wl,-Bsymbolic-functions -Wl,-z,relro -fno-strict-aliasing -DNDEBUG -g -fwrapv -O2 -Wall -Wstrict-prototypes -Wdate-time -D_FORTIFY_SOURCE=2 -g -fstack-protector-strong -Wformat -Werror=format-security  '
CFLAGS = '-fno-strict-aliasing -DNDEBUG -g -fwrapv -O2 -Wall -Wstrict-prototypes -Wdate-time -D_FORTIFY_SOURCE=2 -g -fstack-protector-strong -Wformat -Werror=format-security  '
LDVERSION = ''

------------------------------------------------------
python-config
<<<<<<< Updated upstream
not found
find program=['/usr/bin/python-config', 'python2.7-config', 'python-config-2.7', 'python2.7m-config'] paths=['/usr/local/bin', '/usr/bin', '/bin', '/usr/local/games', '/usr/games'] var='PYTHON_CONFIG' -> None
from /home/sovietreborn/ns3-lbt_research/bindings/python: Could not find the program ['/usr/bin/python-config', 'python2.7-config', 'python-config-2.7', 'python2.7m-config']


# try again with -L$python_LIBDIR: ['/usr/lib']

----------------------------------------
Checking for library python2.7 in LIBDIR
==>

int main(int argc, char **argv) {
	(void)argc; (void)argv;
	return 0;
}

<==
[1/2] Compiling [32mbuild/.conf_check_ac46062cca5c05c36969496d5d258e03/test.cpp[0m

['/usr/bin/clang++', '-O3', '-g', '-Wall', '-Werror', '-fno-strict-aliasing', '-fwrapv', '-fstack-protector-strong', '-DNS3_BUILD_PROFILE_OPTIMIZED', '-DPYTHONDIR="/usr/local/lib/python2.7/dist-packages"', '-DPYTHONARCHDIR="/usr/local/lib/python2.7/dist-packages"', '-DNDEBUG', '-D_FORTIFY_SOURCE=2', '../test.cpp', '-c', '-o', '/home/sovietreborn/ns3-lbt_research/build/.conf_check_ac46062cca5c05c36969496d5d258e03/testbuild/test.cpp.1.o']
[2/2] Linking [33mbuild/.conf_check_ac46062cca5c05c36969496d5d258e03/testbuild/testprog[0m

['/usr/bin/clang++', '-Wl,-z,relro', 'test.cpp.1.o', '-o', '/home/sovietreborn/ns3-lbt_research/build/.conf_check_ac46062cca5c05c36969496d5d258e03/testbuild/testprog', '-Wl,-Bstatic', '-Wl,-Bdynamic', '-L/usr/lib', '-lpython2.7']
err: /usr/bin/ld: cannot find -lpython2.7
clang: error: linker command failed with exit code 1 (use -v to see invocation)

from /home/sovietreborn/ns3-lbt_research/bindings/python: Test does not build: Traceback (most recent call last):
  File "/home/sovietreborn/ns3-lbt_research/.waf-1.8.19-b1fc8f7baef51bd2db4c2971909a568d/waflib/Configure.py", line 335, in run_build
    bld.compile()
  File "/home/sovietreborn/ns3-lbt_research/.waf-1.8.19-b1fc8f7baef51bd2db4c2971909a568d/waflib/Build.py", line 185, in compile
    raise Errors.BuildError(self.producer.error)
BuildError: Build failed
 -> task in 'testprog' failed (exit status 1): 
	{task 139914897001680: cxxprogram test.cpp.1.o -> testprog}
['/usr/bin/clang++', '-Wl,-z,relro', 'test.cpp.1.o', '-o', '/home/sovietreborn/ns3-lbt_research/build/.conf_check_ac46062cca5c05c36969496d5d258e03/testbuild/testprog', '-Wl,-Bstatic', '-Wl,-Bdynamic', '-L/usr/lib', '-lpython2.7']

not found
from /home/sovietreborn/ns3-lbt_research/bindings/python: The configuration failed


# try again with -L$python_LIBPL (some systems don't install the python library in $prefix/lib)

----------------------------------------------
Checking for library python2.7 in python_LIBPL
==>

int main(int argc, char **argv) {
	(void)argc; (void)argv;
	return 0;
}

<==
[1/2] Compiling [32mbuild/.conf_check_7188f0d3de26e42a47c74510b87f8d02/test.cpp[0m

['/usr/bin/clang++', '-O3', '-g', '-Wall', '-Werror', '-fno-strict-aliasing', '-fwrapv', '-fstack-protector-strong', '-DNS3_BUILD_PROFILE_OPTIMIZED', '-DPYTHONDIR="/usr/local/lib/python2.7/dist-packages"', '-DPYTHONARCHDIR="/usr/local/lib/python2.7/dist-packages"', '-DNDEBUG', '-D_FORTIFY_SOURCE=2', '../test.cpp', '-c', '-o', '/home/sovietreborn/ns3-lbt_research/build/.conf_check_7188f0d3de26e42a47c74510b87f8d02/testbuild/test.cpp.1.o']
[2/2] Linking [33mbuild/.conf_check_7188f0d3de26e42a47c74510b87f8d02/testbuild/testprog[0m

['/usr/bin/clang++', '-Wl,-z,relro', 'test.cpp.1.o', '-o', '/home/sovietreborn/ns3-lbt_research/build/.conf_check_7188f0d3de26e42a47c74510b87f8d02/testbuild/testprog', '-Wl,-Bstatic', '-Wl,-Bdynamic', '-L/usr/lib/python2.7/config-x86_64-linux-gnu', '-lpython2.7']
err: /usr/bin/ld: cannot find -lpython2.7
clang: error: linker command failed with exit code 1 (use -v to see invocation)

from /home/sovietreborn/ns3-lbt_research/bindings/python: Test does not build: Traceback (most recent call last):
  File "/home/sovietreborn/ns3-lbt_research/.waf-1.8.19-b1fc8f7baef51bd2db4c2971909a568d/waflib/Configure.py", line 335, in run_build
    bld.compile()
  File "/home/sovietreborn/ns3-lbt_research/.waf-1.8.19-b1fc8f7baef51bd2db4c2971909a568d/waflib/Build.py", line 185, in compile
    raise Errors.BuildError(self.producer.error)
BuildError: Build failed
 -> task in 'testprog' failed (exit status 1): 
	{task 139914897070096: cxxprogram test.cpp.1.o -> testprog}
['/usr/bin/clang++', '-Wl,-z,relro', 'test.cpp.1.o', '-o', '/home/sovietreborn/ns3-lbt_research/build/.conf_check_7188f0d3de26e42a47c74510b87f8d02/testbuild/testprog', '-Wl,-Bstatic', '-Wl,-Bdynamic', '-L/usr/lib/python2.7/config-x86_64-linux-gnu', '-lpython2.7']

not found
from /home/sovietreborn/ns3-lbt_research/bindings/python: The configuration failed


# try again with -L$prefix/libs, and pythonXY name rather than pythonX.Y (win32)

----------------------------------------------
Checking for library python2.7 in $prefix/libs
==>

int main(int argc, char **argv) {
	(void)argc; (void)argv;
	return 0;
}

<==
[1/2] Compiling [32mbuild/.conf_check_073ccba78aea50f19cade4ba12307352/test.cpp[0m

['/usr/bin/clang++', '-O3', '-g', '-Wall', '-Werror', '-fno-strict-aliasing', '-fwrapv', '-fstack-protector-strong', '-DNS3_BUILD_PROFILE_OPTIMIZED', '-DPYTHONDIR="/usr/local/lib/python2.7/dist-packages"', '-DPYTHONARCHDIR="/usr/local/lib/python2.7/dist-packages"', '-DNDEBUG', '-D_FORTIFY_SOURCE=2', '../test.cpp', '-c', '-o', '/home/sovietreborn/ns3-lbt_research/build/.conf_check_073ccba78aea50f19cade4ba12307352/testbuild/test.cpp.1.o']
[2/2] Linking [33mbuild/.conf_check_073ccba78aea50f19cade4ba12307352/testbuild/testprog[0m

['/usr/bin/clang++', '-Wl,-z,relro', 'test.cpp.1.o', '-o', '/home/sovietreborn/ns3-lbt_research/build/.conf_check_073ccba78aea50f19cade4ba12307352/testbuild/testprog', '-Wl,-Bstatic', '-Wl,-Bdynamic', '-L/usr/libs', '-lpython2.7']
err: /usr/bin/ld: cannot find -lpython2.7
clang: error: linker command failed with exit code 1 (use -v to see invocation)

from /home/sovietreborn/ns3-lbt_research/bindings/python: Test does not build: Traceback (most recent call last):
  File "/home/sovietreborn/ns3-lbt_research/.waf-1.8.19-b1fc8f7baef51bd2db4c2971909a568d/waflib/Configure.py", line 335, in run_build
    bld.compile()
  File "/home/sovietreborn/ns3-lbt_research/.waf-1.8.19-b1fc8f7baef51bd2db4c2971909a568d/waflib/Build.py", line 185, in compile
    raise Errors.BuildError(self.producer.error)
BuildError: Build failed
 -> task in 'testprog' failed (exit status 1): 
	{task 139914897071056: cxxprogram test.cpp.1.o -> testprog}
['/usr/bin/clang++', '-Wl,-z,relro', 'test.cpp.1.o', '-o', '/home/sovietreborn/ns3-lbt_research/build/.conf_check_073ccba78aea50f19cade4ba12307352/testbuild/testprog', '-Wl,-Bstatic', '-Wl,-Bdynamic', '-L/usr/libs', '-lpython2.7']

not found
from /home/sovietreborn/ns3-lbt_research/bindings/python: The configuration failed


# try again with -L$python_LIBDIR: ['/usr/lib']

----------------------------------------------
Checking for library python2.7m in LIBDIR
==>

int main(int argc, char **argv) {
	(void)argc; (void)argv;
	return 0;
}

<==
[1/2] Compiling [32mbuild/.conf_check_04847429a3b8bb10d9cccb8d1f6bb51e/test.cpp[0m

['/usr/bin/clang++', '-O3', '-g', '-Wall', '-Werror', '-fno-strict-aliasing', '-fwrapv', '-fstack-protector-strong', '-DNS3_BUILD_PROFILE_OPTIMIZED', '-DPYTHONDIR="/usr/local/lib/python2.7/dist-packages"', '-DPYTHONARCHDIR="/usr/local/lib/python2.7/dist-packages"', '-DNDEBUG', '-D_FORTIFY_SOURCE=2', '../test.cpp', '-c', '-o', '/home/sovietreborn/ns3-lbt_research/build/.conf_check_04847429a3b8bb10d9cccb8d1f6bb51e/testbuild/test.cpp.1.o']
[2/2] Linking [33mbuild/.conf_check_04847429a3b8bb10d9cccb8d1f6bb51e/testbuild/testprog[0m

['/usr/bin/clang++', '-Wl,-z,relro', 'test.cpp.1.o', '-o', '/home/sovietreborn/ns3-lbt_research/build/.conf_check_04847429a3b8bb10d9cccb8d1f6bb51e/testbuild/testprog', '-Wl,-Bstatic', '-Wl,-Bdynamic', '-L/usr/lib', '-lpython2.7m']
err: /usr/bin/ld: cannot find -lpython2.7m
clang: error: linker command failed with exit code 1 (use -v to see invocation)

from /home/sovietreborn/ns3-lbt_research/bindings/python: Test does not build: Traceback (most recent call last):
  File "/home/sovietreborn/ns3-lbt_research/.waf-1.8.19-b1fc8f7baef51bd2db4c2971909a568d/waflib/Configure.py", line 335, in run_build
    bld.compile()
  File "/home/sovietreborn/ns3-lbt_research/.waf-1.8.19-b1fc8f7baef51bd2db4c2971909a568d/waflib/Build.py", line 185, in compile
    raise Errors.BuildError(self.producer.error)
BuildError: Build failed
 -> task in 'testprog' failed (exit status 1): 
	{task 139914897072016: cxxprogram test.cpp.1.o -> testprog}
['/usr/bin/clang++', '-Wl,-z,relro', 'test.cpp.1.o', '-o', '/home/sovietreborn/ns3-lbt_research/build/.conf_check_04847429a3b8bb10d9cccb8d1f6bb51e/testbuild/testprog', '-Wl,-Bstatic', '-Wl,-Bdynamic', '-L/usr/lib', '-lpython2.7m']

not found
from /home/sovietreborn/ns3-lbt_research/bindings/python: The configuration failed


# try again with -L$python_LIBPL (some systems don't install the python library in $prefix/lib)

-----------------------------------------------
Checking for library python2.7m in python_LIBPL
==>

int main(int argc, char **argv) {
	(void)argc; (void)argv;
	return 0;
}

<==
[1/2] Compiling [32mbuild/.conf_check_7fcf7de93963c2c1a627938912b38e79/test.cpp[0m

['/usr/bin/clang++', '-O3', '-g', '-Wall', '-Werror', '-fno-strict-aliasing', '-fwrapv', '-fstack-protector-strong', '-DNS3_BUILD_PROFILE_OPTIMIZED', '-DPYTHONDIR="/usr/local/lib/python2.7/dist-packages"', '-DPYTHONARCHDIR="/usr/local/lib/python2.7/dist-packages"', '-DNDEBUG', '-D_FORTIFY_SOURCE=2', '../test.cpp', '-c', '-o', '/home/sovietreborn/ns3-lbt_research/build/.conf_check_7fcf7de93963c2c1a627938912b38e79/testbuild/test.cpp.1.o']
[2/2] Linking [33mbuild/.conf_check_7fcf7de93963c2c1a627938912b38e79/testbuild/testprog[0m

['/usr/bin/clang++', '-Wl,-z,relro', 'test.cpp.1.o', '-o', '/home/sovietreborn/ns3-lbt_research/build/.conf_check_7fcf7de93963c2c1a627938912b38e79/testbuild/testprog', '-Wl,-Bstatic', '-Wl,-Bdynamic', '-L/usr/lib/python2.7/config-x86_64-linux-gnu', '-lpython2.7m']
err: /usr/bin/ld: cannot find -lpython2.7m
clang: error: linker command failed with exit code 1 (use -v to see invocation)

from /home/sovietreborn/ns3-lbt_research/bindings/python: Test does not build: Traceback (most recent call last):
  File "/home/sovietreborn/ns3-lbt_research/.waf-1.8.19-b1fc8f7baef51bd2db4c2971909a568d/waflib/Configure.py", line 335, in run_build
    bld.compile()
  File "/home/sovietreborn/ns3-lbt_research/.waf-1.8.19-b1fc8f7baef51bd2db4c2971909a568d/waflib/Build.py", line 185, in compile
    raise Errors.BuildError(self.producer.error)
BuildError: Build failed
 -> task in 'testprog' failed (exit status 1): 
	{task 139914897216400: cxxprogram test.cpp.1.o -> testprog}
['/usr/bin/clang++', '-Wl,-z,relro', 'test.cpp.1.o', '-o', '/home/sovietreborn/ns3-lbt_research/build/.conf_check_7fcf7de93963c2c1a627938912b38e79/testbuild/testprog', '-Wl,-Bstatic', '-Wl,-Bdynamic', '-L/usr/lib/python2.7/config-x86_64-linux-gnu', '-lpython2.7m']

not found
from /home/sovietreborn/ns3-lbt_research/bindings/python: The configuration failed


# try again with -L$prefix/libs, and pythonXY name rather than pythonX.Y (win32)

-----------------------------------------------
Checking for library python2.7m in $prefix/libs
==>

int main(int argc, char **argv) {
	(void)argc; (void)argv;
	return 0;
}

<==
[1/2] Compiling [32mbuild/.conf_check_1a0b5be391bc31c7fded461e1af547d0/test.cpp[0m

['/usr/bin/clang++', '-O3', '-g', '-Wall', '-Werror', '-fno-strict-aliasing', '-fwrapv', '-fstack-protector-strong', '-DNS3_BUILD_PROFILE_OPTIMIZED', '-DPYTHONDIR="/usr/local/lib/python2.7/dist-packages"', '-DPYTHONARCHDIR="/usr/local/lib/python2.7/dist-packages"', '-DNDEBUG', '-D_FORTIFY_SOURCE=2', '../test.cpp', '-c', '-o', '/home/sovietreborn/ns3-lbt_research/build/.conf_check_1a0b5be391bc31c7fded461e1af547d0/testbuild/test.cpp.1.o']
[2/2] Linking [33mbuild/.conf_check_1a0b5be391bc31c7fded461e1af547d0/testbuild/testprog[0m

['/usr/bin/clang++', '-Wl,-z,relro', 'test.cpp.1.o', '-o', '/home/sovietreborn/ns3-lbt_research/build/.conf_check_1a0b5be391bc31c7fded461e1af547d0/testbuild/testprog', '-Wl,-Bstatic', '-Wl,-Bdynamic', '-L/usr/libs', '-lpython2.7m']
err: /usr/bin/ld: cannot find -lpython2.7m
clang: error: linker command failed with exit code 1 (use -v to see invocation)

from /home/sovietreborn/ns3-lbt_research/bindings/python: Test does not build: Traceback (most recent call last):
  File "/home/sovietreborn/ns3-lbt_research/.waf-1.8.19-b1fc8f7baef51bd2db4c2971909a568d/waflib/Configure.py", line 335, in run_build
    bld.compile()
  File "/home/sovietreborn/ns3-lbt_research/.waf-1.8.19-b1fc8f7baef51bd2db4c2971909a568d/waflib/Build.py", line 185, in compile
    raise Errors.BuildError(self.producer.error)
BuildError: Build failed
 -> task in 'testprog' failed (exit status 1): 
	{task 139914897217360: cxxprogram test.cpp.1.o -> testprog}
['/usr/bin/clang++', '-Wl,-z,relro', 'test.cpp.1.o', '-o', '/home/sovietreborn/ns3-lbt_research/build/.conf_check_1a0b5be391bc31c7fded461e1af547d0/testbuild/testprog', '-Wl,-Bstatic', '-Wl,-Bdynamic', '-L/usr/libs', '-lpython2.7m']

not found
from /home/sovietreborn/ns3-lbt_research/bindings/python: The configuration failed


# try again with -L$python_LIBDIR: ['/usr/lib']

-----------------------------------------------
Checking for library python27 in LIBDIR
==>

int main(int argc, char **argv) {
	(void)argc; (void)argv;
	return 0;
}

<==
[1/2] Compiling [32mbuild/.conf_check_468384cfabcef117580d16673f67c2f6/test.cpp[0m

['/usr/bin/clang++', '-O3', '-g', '-Wall', '-Werror', '-fno-strict-aliasing', '-fwrapv', '-fstack-protector-strong', '-DNS3_BUILD_PROFILE_OPTIMIZED', '-DPYTHONDIR="/usr/local/lib/python2.7/dist-packages"', '-DPYTHONARCHDIR="/usr/local/lib/python2.7/dist-packages"', '-DNDEBUG', '-D_FORTIFY_SOURCE=2', '../test.cpp', '-c', '-o', '/home/sovietreborn/ns3-lbt_research/build/.conf_check_468384cfabcef117580d16673f67c2f6/testbuild/test.cpp.1.o']
[2/2] Linking [33mbuild/.conf_check_468384cfabcef117580d16673f67c2f6/testbuild/testprog[0m

['/usr/bin/clang++', '-Wl,-z,relro', 'test.cpp.1.o', '-o', '/home/sovietreborn/ns3-lbt_research/build/.conf_check_468384cfabcef117580d16673f67c2f6/testbuild/testprog', '-Wl,-Bstatic', '-Wl,-Bdynamic', '-L/usr/lib', '-lpython27']
err: /usr/bin/ld: cannot find -lpython27
clang: error: linker command failed with exit code 1 (use -v to see invocation)

from /home/sovietreborn/ns3-lbt_research/bindings/python: Test does not build: Traceback (most recent call last):
  File "/home/sovietreborn/ns3-lbt_research/.waf-1.8.19-b1fc8f7baef51bd2db4c2971909a568d/waflib/Configure.py", line 335, in run_build
    bld.compile()
  File "/home/sovietreborn/ns3-lbt_research/.waf-1.8.19-b1fc8f7baef51bd2db4c2971909a568d/waflib/Build.py", line 185, in compile
    raise Errors.BuildError(self.producer.error)
BuildError: Build failed
 -> task in 'testprog' failed (exit status 1): 
	{task 139914897070608: cxxprogram test.cpp.1.o -> testprog}
['/usr/bin/clang++', '-Wl,-z,relro', 'test.cpp.1.o', '-o', '/home/sovietreborn/ns3-lbt_research/build/.conf_check_468384cfabcef117580d16673f67c2f6/testbuild/testprog', '-Wl,-Bstatic', '-Wl,-Bdynamic', '-L/usr/lib', '-lpython27']

not found
from /home/sovietreborn/ns3-lbt_research/bindings/python: The configuration failed

=======
/usr/bin/python-config
find program=['/usr/bin/python-config', 'python2.7-config', 'python-config-2.7', 'python2.7m-config'] paths=['/home/sovietreborn/bin', '/home/sovietreborn/.local/bin', '/usr/local/sbin', '/usr/local/bin', '/usr/sbin', '/usr/bin', '/sbin', '/bin', '/usr/games', '/usr/local/games', '/snap/bin', '/usr/lib/jvm/java-8-oracle/bin', '/usr/lib/jvm/java-8-oracle/db/bin', '/usr/lib/jvm/java-8-oracle/jre/bin'] var='PYTHON_CONFIG' -> ['/usr/bin/python-config']
------------------------------------------------------------------
Asking python-config for pyembed '--cflags --libs --ldflags' flags
['/usr/bin/python-config', '--cflags', '--libs', '--ldflags']
out: -I/usr/include/python2.7 -I/usr/include/x86_64-linux-gnu/python2.7  -fno-strict-aliasing -Wdate-time -D_FORTIFY_SOURCE=2 -g -fstack-protector-strong -Wformat -Werror=format-security  -DNDEBUG -g -fwrapv -O2 -Wall -Wstrict-prototypes
-lpython2.7 -lpthread -ldl  -lutil -lm 
-L/usr/lib/python2.7/config-x86_64-linux-gnu -L/usr/lib -lpython2.7 -lpthread -ldl  -lutil -lm  -Xlinker -export-dynamic -Wl,-O1 -Wl,-Bsymbolic-functions
>>>>>>> Stashed changes

yes
------------------------------------------------------------------
Testing pyembed configuration
==>

#include <Python.h>
#ifdef __cplusplus
extern "C" {
#endif
	void Py_Initialize(void);
	void Py_Finalize(void);
#ifdef __cplusplus
}
<<<<<<< Updated upstream

<==
[1/2] Compiling [32mbuild/.conf_check_a6e158646ff593dd3ba12db3539e0878/test.cpp[0m

['/usr/bin/clang++', '-O3', '-g', '-Wall', '-Werror', '-fno-strict-aliasing', '-fwrapv', '-fstack-protector-strong', '-DNS3_BUILD_PROFILE_OPTIMIZED', '-DPYTHONDIR="/usr/local/lib/python2.7/dist-packages"', '-DPYTHONARCHDIR="/usr/local/lib/python2.7/dist-packages"', '-DNDEBUG', '-D_FORTIFY_SOURCE=2', '../test.cpp', '-c', '-o', '/home/sovietreborn/ns3-lbt_research/build/.conf_check_a6e158646ff593dd3ba12db3539e0878/testbuild/test.cpp.1.o']
[2/2] Linking [33mbuild/.conf_check_a6e158646ff593dd3ba12db3539e0878/testbuild/testprog[0m

['/usr/bin/clang++', '-Wl,-z,relro', 'test.cpp.1.o', '-o', '/home/sovietreborn/ns3-lbt_research/build/.conf_check_a6e158646ff593dd3ba12db3539e0878/testbuild/testprog', '-Wl,-Bstatic', '-Wl,-Bdynamic', '-L/usr/lib/python2.7/config-x86_64-linux-gnu', '-lpython27']
err: /usr/bin/ld: cannot find -lpython27
clang: error: linker command failed with exit code 1 (use -v to see invocation)

from /home/sovietreborn/ns3-lbt_research/bindings/python: Test does not build: Traceback (most recent call last):
  File "/home/sovietreborn/ns3-lbt_research/.waf-1.8.19-b1fc8f7baef51bd2db4c2971909a568d/waflib/Configure.py", line 335, in run_build
    bld.compile()
  File "/home/sovietreborn/ns3-lbt_research/.waf-1.8.19-b1fc8f7baef51bd2db4c2971909a568d/waflib/Build.py", line 185, in compile
    raise Errors.BuildError(self.producer.error)
BuildError: Build failed
 -> task in 'testprog' failed (exit status 1): 
	{task 139914897069648: cxxprogram test.cpp.1.o -> testprog}
['/usr/bin/clang++', '-Wl,-z,relro', 'test.cpp.1.o', '-o', '/home/sovietreborn/ns3-lbt_research/build/.conf_check_a6e158646ff593dd3ba12db3539e0878/testbuild/testprog', '-Wl,-Bstatic', '-Wl,-Bdynamic', '-L/usr/lib/python2.7/config-x86_64-linux-gnu', '-lpython27']

not found
from /home/sovietreborn/ns3-lbt_research/bindings/python: The configuration failed


# try again with -L$prefix/libs, and pythonXY name rather than pythonX.Y (win32)

-----------------------------------------------
Checking for library python27 in $prefix/libs
==>

int main(int argc, char **argv) {
	(void)argc; (void)argv;
	return 0;
}

<==
[1/2] Compiling [32mbuild/.conf_check_c9b692cebd0c0d9bf2b3a685a4e4516c/test.cpp[0m

['/usr/bin/clang++', '-O3', '-g', '-Wall', '-Werror', '-fno-strict-aliasing', '-fwrapv', '-fstack-protector-strong', '-DNS3_BUILD_PROFILE_OPTIMIZED', '-DPYTHONDIR="/usr/local/lib/python2.7/dist-packages"', '-DPYTHONARCHDIR="/usr/local/lib/python2.7/dist-packages"', '-DNDEBUG', '-D_FORTIFY_SOURCE=2', '../test.cpp', '-c', '-o', '/home/sovietreborn/ns3-lbt_research/build/.conf_check_c9b692cebd0c0d9bf2b3a685a4e4516c/testbuild/test.cpp.1.o']
[2/2] Linking [33mbuild/.conf_check_c9b692cebd0c0d9bf2b3a685a4e4516c/testbuild/testprog[0m

['/usr/bin/clang++', '-Wl,-z,relro', 'test.cpp.1.o', '-o', '/home/sovietreborn/ns3-lbt_research/build/.conf_check_c9b692cebd0c0d9bf2b3a685a4e4516c/testbuild/testprog', '-Wl,-Bstatic', '-Wl,-Bdynamic', '-L/usr/libs', '-lpython27']
err: /usr/bin/ld: cannot find -lpython27
clang: error: linker command failed with exit code 1 (use -v to see invocation)

from /home/sovietreborn/ns3-lbt_research/bindings/python: Test does not build: Traceback (most recent call last):
  File "/home/sovietreborn/ns3-lbt_research/.waf-1.8.19-b1fc8f7baef51bd2db4c2971909a568d/waflib/Configure.py", line 335, in run_build
    bld.compile()
  File "/home/sovietreborn/ns3-lbt_research/.waf-1.8.19-b1fc8f7baef51bd2db4c2971909a568d/waflib/Build.py", line 185, in compile
    raise Errors.BuildError(self.producer.error)
BuildError: Build failed
 -> task in 'testprog' failed (exit status 1): 
	{task 139914897217104: cxxprogram test.cpp.1.o -> testprog}
['/usr/bin/clang++', '-Wl,-z,relro', 'test.cpp.1.o', '-o', '/home/sovietreborn/ns3-lbt_research/build/.conf_check_c9b692cebd0c0d9bf2b3a685a4e4516c/testbuild/testprog', '-Wl,-Bstatic', '-Wl,-Bdynamic', '-L/usr/libs', '-lpython27']

not found
from /home/sovietreborn/ns3-lbt_research/bindings/python: The configuration failed

=======
#endif
int main(int argc, char **argv)
{
   (void)argc; (void)argv;
   Py_Initialize();
   Py_Finalize();
   return 0;
}

<==
[1/2] Compiling [32mbuild/.conf_check_7fbd889e47817fdc085b5d7b06b0f374/test.cpp[0m
>>>>>>> Stashed changes

['/usr/bin/g++', '-O0', '-ggdb', '-g3', '-Wall', '-Werror', '-fno-strict-aliasing', '-fstack-protector-strong', '-fwrapv', '-I/usr/include/python2.7', '-I/usr/include/x86_64-linux-gnu/python2.7', '-DNS3_BUILD_PROFILE_DEBUG', '-DNS3_ASSERT_ENABLE', '-DNS3_LOG_ENABLE', '-DPYTHONDIR="/usr/local/lib/python2.7/dist-packages"', '-DPYTHONARCHDIR="/usr/local/lib/python2.7/dist-packages"', '-DHAVE_PYEMBED=1', '-D_FORTIFY_SOURCE=2', '-DNDEBUG', '../test.cpp', '-c', '-o', '/home/sovietreborn/ns3-lbt_research/build/.conf_check_7fbd889e47817fdc085b5d7b06b0f374/testbuild/test.cpp.1.o']
[2/2] Linking [33mbuild/.conf_check_7fbd889e47817fdc085b5d7b06b0f374/testbuild/testprog[0m

['/usr/bin/g++', '-Xlinker', '-export-dynamic', '-Wl,-O1', '-Wl,-Bsymbolic-functions', 'test.cpp.1.o', '-o', '/home/sovietreborn/ns3-lbt_research/build/.conf_check_7fbd889e47817fdc085b5d7b06b0f374/testbuild/testprog', '-Wl,-Bstatic', '-Wl,-Bdynamic', '-L/usr/lib/python2.7/config-x86_64-linux-gnu', '-L/usr/lib', '-lpython2.7', '-lpthread', '-ldl', '-lutil', '-lm']
yes
------------------------------------------------------------------
Asking python-config for pyext '--cflags --libs --ldflags' flags
['/usr/bin/python-config', '--cflags', '--libs', '--ldflags']
out: -I/usr/include/python2.7 -I/usr/include/x86_64-linux-gnu/python2.7  -fno-strict-aliasing -Wdate-time -D_FORTIFY_SOURCE=2 -g -fstack-protector-strong -Wformat -Werror=format-security  -DNDEBUG -g -fwrapv -O2 -Wall -Wstrict-prototypes
-lpython2.7 -lpthread -ldl  -lutil -lm 
-L/usr/lib/python2.7/config-x86_64-linux-gnu -L/usr/lib -lpython2.7 -lpthread -ldl  -lutil -lm  -Xlinker -export-dynamic -Wl,-O1 -Wl,-Bsymbolic-functions

yes
------------------------------------------------------------------
Testing pyext configuration
==>

#include <Python.h>
#ifdef __cplusplus
extern "C" {
#endif
	void Py_Initialize(void);
	void Py_Finalize(void);
#ifdef __cplusplus
}
#endif
int main(int argc, char **argv)
{
   (void)argc; (void)argv;
   Py_Initialize();
   Py_Finalize();
   return 0;
}

<==
<<<<<<< Updated upstream
[1/2] Compiling [32mbuild/.conf_check_a3ab560f31772bae6dd9c5bdd686f597/test.cpp[0m

['/usr/bin/clang++', '-O3', '-g', '-Wall', '-Werror', '-fno-strict-aliasing', '-fwrapv', '-fstack-protector-strong', '-I/usr/include/python2.7', '-DNS3_BUILD_PROFILE_OPTIMIZED', '-DPYTHONDIR="/usr/local/lib/python2.7/dist-packages"', '-DPYTHONARCHDIR="/usr/local/lib/python2.7/dist-packages"', '-DNDEBUG', '-D_FORTIFY_SOURCE=2', '../test.cpp', '-c', '-o', '/home/sovietreborn/ns3-lbt_research/build/.conf_check_a3ab560f31772bae6dd9c5bdd686f597/testbuild/test.cpp.1.o']
err: ../test.cpp:2:10: fatal error: 'Python.h' file not found
#include <Python.h>
         ^
1 error generated.

from /home/sovietreborn/ns3-lbt_research/bindings/python: Test does not build: Traceback (most recent call last):
  File "/home/sovietreborn/ns3-lbt_research/.waf-1.8.19-b1fc8f7baef51bd2db4c2971909a568d/waflib/Configure.py", line 335, in run_build
    bld.compile()
  File "/home/sovietreborn/ns3-lbt_research/.waf-1.8.19-b1fc8f7baef51bd2db4c2971909a568d/waflib/Build.py", line 185, in compile
    raise Errors.BuildError(self.producer.error)
BuildError: Build failed
 -> task in 'testprog' failed (exit status 1): 
	{task 139914897218192: cxx test.cpp -> test.cpp.1.o}
['/usr/bin/clang++', '-O3', '-g', '-Wall', '-Werror', '-fno-strict-aliasing', '-fwrapv', '-fstack-protector-strong', '-I/usr/include/python2.7', '-DNS3_BUILD_PROFILE_OPTIMIZED', '-DPYTHONDIR="/usr/local/lib/python2.7/dist-packages"', '-DPYTHONARCHDIR="/usr/local/lib/python2.7/dist-packages"', '-DNDEBUG', '-D_FORTIFY_SOURCE=2', '../test.cpp', '-c', '-o', '/home/sovietreborn/ns3-lbt_research/build/.conf_check_a3ab560f31772bae6dd9c5bdd686f597/testbuild/test.cpp.1.o']

Distutils not installed? Broken python installation? Get python-config now!
from /home/sovietreborn/ns3-lbt_research/bindings/python: The configuration failed
-----------------------------------------------
Checking boost includes
headers not found, please provide a --boost-includes argument (see help)
from /home/sovietreborn/ns3-lbt_research/src: The configuration failed
-----------------------------------------------
Checking boost includes
headers not found, please provide a --boost-includes argument (see help)
from /home/sovietreborn/ns3-lbt_research/src: The configuration failed
-----------------------------------------------
Checking for click location
not found
-----------------------------------------------
Checking for program 'pkg-config'
not found
find program=['pkg-config'] paths=['/usr/local/bin', '/usr/bin', '/bin', '/usr/local/games', '/usr/games'] var='PKGCONFIG' -> None
from /home/sovietreborn/ns3-lbt_research/src/config-store: Could not find the program ['pkg-config']
-----------------------------------------------
Checking for program 'pkg-config'
not found
find program=['pkg-config'] paths=['/usr/local/bin', '/usr/bin', '/bin', '/usr/local/games', '/usr/games'] var='PKGCONFIG' -> None
from /home/sovietreborn/ns3-lbt_research/src/config-store: Could not find the program ['pkg-config']
-----------------------------------------------
=======
[1/2] Compiling [32mbuild/.conf_check_8e62c7f4df75f2bc4e6a82845ccfd47f/test.cpp[0m

['/usr/bin/g++', '-O0', '-ggdb', '-g3', '-Wall', '-Werror', '-fPIC', '-fno-strict-aliasing', '-fstack-protector-strong', '-fwrapv', '-I/usr/include/python2.7', '-I/usr/include/x86_64-linux-gnu/python2.7', '-DNS3_BUILD_PROFILE_DEBUG', '-DNS3_ASSERT_ENABLE', '-DNS3_LOG_ENABLE', '-DPYTHONDIR="/usr/local/lib/python2.7/dist-packages"', '-DPYTHONARCHDIR="/usr/local/lib/python2.7/dist-packages"', '-DHAVE_PYEMBED=1', '-DHAVE_PYEXT=1', '-D_FORTIFY_SOURCE=2', '-DNDEBUG', '../test.cpp', '-c', '-o', '/home/sovietreborn/ns3-lbt_research/build/.conf_check_8e62c7f4df75f2bc4e6a82845ccfd47f/testbuild/test.cpp.1.o']
[2/2] Linking [33mbuild/.conf_check_8e62c7f4df75f2bc4e6a82845ccfd47f/testbuild/testprog.so[0m

['/usr/bin/g++', '-shared', '-Xlinker', '-export-dynamic', '-Wl,-O1', '-Wl,-Bsymbolic-functions', 'test.cpp.1.o', '-o', '/home/sovietreborn/ns3-lbt_research/build/.conf_check_8e62c7f4df75f2bc4e6a82845ccfd47f/testbuild/testprog.so', '-Wl,-Bstatic', '-Wl,-Bdynamic', '-L/usr/lib/python2.7/config-x86_64-linux-gnu', '-L/usr/lib', '-lpython2.7', '-lpthread', '-ldl', '-lutil', '-lm']
yes
------------------------------------------------------------------
Checking for compilation flag -fvisibility=hidden support
==>
int main() { return 0; }
<==
[1/1] Compiling [32mbuild/.conf_check_e4b9e1ad30570ee5076b6c17f436dddd/test.cpp[0m

['/usr/bin/g++', '-O0', '-ggdb', '-g3', '-Wall', '-Werror', '-fvisibility=hidden', '-DNS3_BUILD_PROFILE_DEBUG', '-DNS3_ASSERT_ENABLE', '-DNS3_LOG_ENABLE', '-DPYTHONDIR="/usr/local/lib/python2.7/dist-packages"', '-DPYTHONARCHDIR="/usr/local/lib/python2.7/dist-packages"', '-DHAVE_PYEMBED=1', '-DHAVE_PYEXT=1', '-DHAVE_PYTHON_H=1', '../test.cpp', '-c', '-o', '/home/sovietreborn/ns3-lbt_research/build/.conf_check_e4b9e1ad30570ee5076b6c17f436dddd/testbuild/test.cpp.1.o']
ok
------------------------------------------------------------------
Checking for compilation flag -Wno-array-bounds support
==>
int main() { return 0; }
<==
[1/1] Compiling [32mbuild/.conf_check_e4b9e1ad30570ee5076b6c17f436dddd/test.cpp[0m

['/usr/bin/g++', '-O0', '-ggdb', '-g3', '-Wall', '-Werror', '-Wno-array-bounds', '-DNS3_BUILD_PROFILE_DEBUG', '-DNS3_ASSERT_ENABLE', '-DNS3_LOG_ENABLE', '-DPYTHONDIR="/usr/local/lib/python2.7/dist-packages"', '-DPYTHONARCHDIR="/usr/local/lib/python2.7/dist-packages"', '-DHAVE_PYEMBED=1', '-DHAVE_PYEXT=1', '-DHAVE_PYTHON_H=1', '../test.cpp', '-c', '-o', '/home/sovietreborn/ns3-lbt_research/build/.conf_check_e4b9e1ad30570ee5076b6c17f436dddd/testbuild/test.cpp.1.o']
ok
------------------------------------------------------------------
Checking for pybindgen location
not found
------------------------------------------------------------------
Checking for python module 'pybindgen'
['/usr/bin/python', '-c', "\nimport pybindgen as current_module\nversion = getattr(current_module, '__version__', None)\nif version is not None:\n\tprint(str(version))\nelse:\n\tprint('unknown version')\n"]
err: Traceback (most recent call last):
  File "<string>", line 2, in <module>
ImportError: No module named pybindgen

not found
from /home/sovietreborn/ns3-lbt_research/bindings/python: Could not find the python module 'pybindgen'
------------------------------------------------------------------
Checking boost includes
1_58
------------------------------------------------------------------
Checking boost libs
Found the boost path in /usr/lib/x86_64-linux-gnu with the libraries:
    /usr/lib/x86_64-linux-gnu/libboost_date_time.so.1.58.0
    /usr/lib/x86_64-linux-gnu/libboost_filesystem.a
    /usr/lib/x86_64-linux-gnu/libboost_filesystem.so
    /usr/lib/x86_64-linux-gnu/libboost_filesystem.so.1.58.0
    /usr/lib/x86_64-linux-gnu/libboost_iostreams.so.1.58.0
    /usr/lib/x86_64-linux-gnu/libboost_random.so.1.58.0
    /usr/lib/x86_64-linux-gnu/libboost_signals.a
    /usr/lib/x86_64-linux-gnu/libboost_signals.so
    /usr/lib/x86_64-linux-gnu/libboost_signals.so.1.58.0
    /usr/lib/x86_64-linux-gnu/libboost_system.a
    /usr/lib/x86_64-linux-gnu/libboost_system.so
    /usr/lib/x86_64-linux-gnu/libboost_system.so.1.58.0
    /usr/lib/x86_64-linux-gnu/libboost_thread.so.1.58.0
Trying pattern boost_system(-gcc[0-9]{0,3})-1_58.so$
Trying pattern boost_system-1_58.so$
Trying pattern boost_system(-gcc[0-9]{0,3}).so$
Trying pattern boost_system.so$
Found boost lib libboost_system.so
Trying pattern boost_signals(-gcc[0-9]{0,3})-1_58.so$
Trying pattern boost_signals-1_58.so$
Trying pattern boost_signals(-gcc[0-9]{0,3}).so$
Trying pattern boost_signals.so$
Found boost lib libboost_signals.so
Trying pattern boost_filesystem(-gcc[0-9]{0,3})-1_58.so$
Trying pattern boost_filesystem-1_58.so$
Trying pattern boost_filesystem(-gcc[0-9]{0,3}).so$
Trying pattern boost_filesystem.so$
Found boost lib libboost_filesystem.so
ok
------------------------------------------------------------------
Checking for boost linkage
==>

#include <boost/system/error_code.hpp>
int main() { boost::system::error_code c; }

<==
[1/2] Compiling [32mbuild/.conf_check_5b54d75582ec5bf03b4c70629d4a37a5/test.cpp[0m

['/usr/bin/g++', '-O0', '-ggdb', '-g3', '-Wall', '-Werror', '-I/usr/include', '-DNS3_BUILD_PROFILE_DEBUG', '-DNS3_ASSERT_ENABLE', '-DNS3_LOG_ENABLE', '-DPYTHONDIR="/usr/local/lib/python2.7/dist-packages"', '-DPYTHONARCHDIR="/usr/local/lib/python2.7/dist-packages"', '-DHAVE_PYEMBED=1', '-DHAVE_PYEXT=1', '-DHAVE_PYTHON_H=1', '../test.cpp', '-c', '-o', '/home/sovietreborn/ns3-lbt_research/build/.conf_check_5b54d75582ec5bf03b4c70629d4a37a5/testbuild/test.cpp.1.o']
[2/2] Linking [33mbuild/.conf_check_5b54d75582ec5bf03b4c70629d4a37a5/testbuild/testprog[0m

['/usr/bin/g++', 'test.cpp.1.o', '-o', '/home/sovietreborn/ns3-lbt_research/build/.conf_check_5b54d75582ec5bf03b4c70629d4a37a5/testbuild/testprog', '-Wl,-Bstatic', '-L/usr/lib/x86_64-linux-gnu', '-Wl,-Bdynamic', '-L/usr/lib/x86_64-linux-gnu', '-lboost_system', '-lboost_signals', '-lboost_filesystem']
ok
------------------------------------------------------------------
Checking for click location
not found
------------------------------------------------------------------
Checking for program 'pkg-config'
/usr/bin/pkg-config
find program=['pkg-config'] paths=['/home/sovietreborn/bin', '/home/sovietreborn/.local/bin', '/usr/local/sbin', '/usr/local/bin', '/usr/sbin', '/usr/bin', '/sbin', '/bin', '/usr/games', '/usr/local/games', '/snap/bin', '/usr/lib/jvm/java-8-oracle/bin', '/usr/lib/jvm/java-8-oracle/db/bin', '/usr/lib/jvm/java-8-oracle/jre/bin'] var='PKGCONFIG' -> ['/usr/bin/pkg-config']
------------------------------------------------------------------
Checking for 'gtk+-2.0' >= 2.12
['/usr/bin/pkg-config', '--atleast-version=2.12', 'gtk+-2.0']
['/usr/bin/pkg-config', '--cflags', '--libs', 'gtk+-2.0']
out: -pthread -I/usr/include/gtk-2.0 -I/usr/lib/x86_64-linux-gnu/gtk-2.0/include -I/usr/include/gio-unix-2.0/ -I/usr/include/cairo -I/usr/include/pango-1.0 -I/usr/include/atk-1.0 -I/usr/include/cairo -I/usr/include/pixman-1 -I/usr/include/libpng12 -I/usr/include/gdk-pixbuf-2.0 -I/usr/include/libpng12 -I/usr/include/pango-1.0 -I/usr/include/harfbuzz -I/usr/include/pango-1.0 -I/usr/include/glib-2.0 -I/usr/lib/x86_64-linux-gnu/glib-2.0/include -I/usr/include/freetype2 -lgtk-x11-2.0 -lgdk-x11-2.0 -lpangocairo-1.0 -latk-1.0 -lcairo -lgdk_pixbuf-2.0 -lgio-2.0 -lpangoft2-1.0 -lpango-1.0 -lgobject-2.0 -lglib-2.0 -lfontconfig -lfreetype

yes
------------------------------------------------------------------
Checking for 'libxml-2.0' >= 2.7
['/usr/bin/pkg-config', '--atleast-version=2.7', 'libxml-2.0']
['/usr/bin/pkg-config', '--cflags', '--libs', 'libxml-2.0']
out: -I/usr/include/libxml2 -lxml2

yes
------------------------------------------------------------------
>>>>>>> Stashed changes
Checking for type uint128_t
==>
#include <stdint.h>

int main(int argc, char **argv) {
	(void)argc; (void)argv;
	if ((uint128_t *) 0) return 0;
	if (sizeof (uint128_t)) return 0;
	return 1;
}

<==
<<<<<<< Updated upstream
[1/2] Compiling [32mbuild/.conf_check_ec009e6c151aa3a8503b00fc97c398e2/test.cpp[0m

['/usr/bin/clang++', '-O3', '-g', '-Wall', '-Werror', '-DNS3_BUILD_PROFILE_OPTIMIZED', '../test.cpp', '-c', '-o', '/home/sovietreborn/ns3-lbt_research/build/.conf_check_ec009e6c151aa3a8503b00fc97c398e2/testbuild/test.cpp.1.o']
err: ../test.cpp:5:7: error: use of undeclared identifier 'uint128_t'
        if ((uint128_t *) 0) return 0;
             ^
../test.cpp:5:18: error: expected expression
        if ((uint128_t *) 0) return 0;
                        ^
../test.cpp:6:14: error: use of undeclared identifier 'uint128_t'
        if (sizeof (uint128_t)) return 0;
=======
[1/2] Compiling [32mbuild/.conf_check_099dfe8f31cbafa4880727f2756f640c/test.cpp[0m

['/usr/bin/g++', '-O0', '-ggdb', '-g3', '-Wall', '-Werror', '-DNS3_BUILD_PROFILE_DEBUG', '-DNS3_ASSERT_ENABLE', '-DNS3_LOG_ENABLE', '../test.cpp', '-c', '-o', '/home/sovietreborn/ns3-lbt_research/build/.conf_check_099dfe8f31cbafa4880727f2756f640c/testbuild/test.cpp.1.o']
err: ../test.cpp: In function ‘int main(int, char**)’:
../test.cpp:5:7: error: ‘uint128_t’ was not declared in this scope
  if ((uint128_t *) 0) return 0;
       ^
../test.cpp:5:18: error: expected primary-expression before ‘)’ token
  if ((uint128_t *) 0) return 0;
                  ^
../test.cpp:5:20: error: expected ‘)’ before numeric constant
  if ((uint128_t *) 0) return 0;
>>>>>>> Stashed changes
                    ^
../test.cpp:6:14: error: ‘uint128_t’ was not declared in this scope
  if (sizeof (uint128_t)) return 0;
              ^

from /home/sovietreborn/ns3-lbt_research/src/core: Test does not build: Traceback (most recent call last):
  File "/home/sovietreborn/ns3-lbt_research/.waf-1.8.19-b1fc8f7baef51bd2db4c2971909a568d/waflib/Configure.py", line 335, in run_build
    bld.compile()
  File "/home/sovietreborn/ns3-lbt_research/.waf-1.8.19-b1fc8f7baef51bd2db4c2971909a568d/waflib/Build.py", line 185, in compile
    raise Errors.BuildError(self.producer.error)
BuildError: Build failed
 -> task in 'testprog' failed (exit status 1): 
<<<<<<< Updated upstream
	{task 139914896542608: cxx test.cpp -> test.cpp.1.o}
['/usr/bin/clang++', '-O3', '-g', '-Wall', '-Werror', '-DNS3_BUILD_PROFILE_OPTIMIZED', '../test.cpp', '-c', '-o', '/home/sovietreborn/ns3-lbt_research/build/.conf_check_ec009e6c151aa3a8503b00fc97c398e2/testbuild/test.cpp.1.o']

not found
from /home/sovietreborn/ns3-lbt_research/src/core: The configuration failed
-----------------------------------------------
=======
	{task 140476939564304: cxx test.cpp -> test.cpp.1.o}
['/usr/bin/g++', '-O0', '-ggdb', '-g3', '-Wall', '-Werror', '-DNS3_BUILD_PROFILE_DEBUG', '-DNS3_ASSERT_ENABLE', '-DNS3_LOG_ENABLE', '../test.cpp', '-c', '-o', '/home/sovietreborn/ns3-lbt_research/build/.conf_check_099dfe8f31cbafa4880727f2756f640c/testbuild/test.cpp.1.o']

not found
from /home/sovietreborn/ns3-lbt_research/src/core: The configuration failed
------------------------------------------------------------------
>>>>>>> Stashed changes
Checking for type __uint128_t
==>
#include <stdint.h>

int main(int argc, char **argv) {
	(void)argc; (void)argv;
	if ((__uint128_t *) 0) return 0;
	if (sizeof (__uint128_t)) return 0;
	return 1;
}

<==
<<<<<<< Updated upstream
[1/2] Compiling [32mbuild/.conf_check_16ac951004105863f87dbd45bab6b510/test.cpp[0m

['/usr/bin/clang++', '-O3', '-g', '-Wall', '-Werror', '-DNS3_BUILD_PROFILE_OPTIMIZED', '../test.cpp', '-c', '-o', '/home/sovietreborn/ns3-lbt_research/build/.conf_check_16ac951004105863f87dbd45bab6b510/testbuild/test.cpp.1.o']
[2/2] Linking [33mbuild/.conf_check_16ac951004105863f87dbd45bab6b510/testbuild/testprog[0m

['/usr/bin/clang++', 'test.cpp.1.o', '-o', '/home/sovietreborn/ns3-lbt_research/build/.conf_check_16ac951004105863f87dbd45bab6b510/testbuild/testprog', '-Wl,-Bstatic', '-Wl,-Bdynamic']
=======
[1/2] Compiling [32mbuild/.conf_check_ffbcd4e0e4bb2cdd0b92c0638c05d2b2/test.cpp[0m

['/usr/bin/g++', '-O0', '-ggdb', '-g3', '-Wall', '-Werror', '-DNS3_BUILD_PROFILE_DEBUG', '-DNS3_ASSERT_ENABLE', '-DNS3_LOG_ENABLE', '../test.cpp', '-c', '-o', '/home/sovietreborn/ns3-lbt_research/build/.conf_check_ffbcd4e0e4bb2cdd0b92c0638c05d2b2/testbuild/test.cpp.1.o']
[2/2] Linking [33mbuild/.conf_check_ffbcd4e0e4bb2cdd0b92c0638c05d2b2/testbuild/testprog[0m

['/usr/bin/g++', 'test.cpp.1.o', '-o', '/home/sovietreborn/ns3-lbt_research/build/.conf_check_ffbcd4e0e4bb2cdd0b92c0638c05d2b2/testbuild/testprog', '-Wl,-Bstatic', '-Wl,-Bdynamic']
>>>>>>> Stashed changes
yes
------------------------------------------------------------------
Checking high precision implementation
128-bit integer (default)
------------------------------------------------------------------
Checking for header stdint.h
==>
#include <stdint.h>

int main(int argc, char **argv) {
	(void)argc; (void)argv;
	return 0;
}

<==
<<<<<<< Updated upstream
[1/2] Compiling [32mbuild/.conf_check_00dfbd16f39850b4e01226c4c366f362/test.cpp[0m

['/usr/bin/clang++', '-O3', '-g', '-Wall', '-Werror', '-DNS3_BUILD_PROFILE_OPTIMIZED', '-DHAVE___UINT128_T=1', '-DINT64X64_USE_128=1', '../test.cpp', '-c', '-o', '/home/sovietreborn/ns3-lbt_research/build/.conf_check_00dfbd16f39850b4e01226c4c366f362/testbuild/test.cpp.1.o']
[2/2] Linking [33mbuild/.conf_check_00dfbd16f39850b4e01226c4c366f362/testbuild/testprog[0m

['/usr/bin/clang++', 'test.cpp.1.o', '-o', '/home/sovietreborn/ns3-lbt_research/build/.conf_check_00dfbd16f39850b4e01226c4c366f362/testbuild/testprog', '-Wl,-Bstatic', '-Wl,-Bdynamic']
=======
[1/2] Compiling [32mbuild/.conf_check_0f99bd408684fd5e9edb687caaf409b8/test.cpp[0m

['/usr/bin/g++', '-O0', '-ggdb', '-g3', '-Wall', '-Werror', '-DNS3_BUILD_PROFILE_DEBUG', '-DNS3_ASSERT_ENABLE', '-DNS3_LOG_ENABLE', '-DHAVE___UINT128_T=1', '-DINT64X64_USE_128=1', '../test.cpp', '-c', '-o', '/home/sovietreborn/ns3-lbt_research/build/.conf_check_0f99bd408684fd5e9edb687caaf409b8/testbuild/test.cpp.1.o']
[2/2] Linking [33mbuild/.conf_check_0f99bd408684fd5e9edb687caaf409b8/testbuild/testprog[0m

['/usr/bin/g++', 'test.cpp.1.o', '-o', '/home/sovietreborn/ns3-lbt_research/build/.conf_check_0f99bd408684fd5e9edb687caaf409b8/testbuild/testprog', '-Wl,-Bstatic', '-Wl,-Bdynamic']
>>>>>>> Stashed changes
yes
------------------------------------------------------------------
Checking for header inttypes.h
==>
#include <inttypes.h>

int main(int argc, char **argv) {
	(void)argc; (void)argv;
	return 0;
}

<==
<<<<<<< Updated upstream
[1/2] Compiling [32mbuild/.conf_check_717b036c1f7680a5a879dd0d9c6a35c7/test.cpp[0m

['/usr/bin/clang++', '-O3', '-g', '-Wall', '-Werror', '-DNS3_BUILD_PROFILE_OPTIMIZED', '-DHAVE___UINT128_T=1', '-DINT64X64_USE_128=1', '-DHAVE_STDINT_H=1', '../test.cpp', '-c', '-o', '/home/sovietreborn/ns3-lbt_research/build/.conf_check_717b036c1f7680a5a879dd0d9c6a35c7/testbuild/test.cpp.1.o']
[2/2] Linking [33mbuild/.conf_check_717b036c1f7680a5a879dd0d9c6a35c7/testbuild/testprog[0m

['/usr/bin/clang++', 'test.cpp.1.o', '-o', '/home/sovietreborn/ns3-lbt_research/build/.conf_check_717b036c1f7680a5a879dd0d9c6a35c7/testbuild/testprog', '-Wl,-Bstatic', '-Wl,-Bdynamic']
=======
[1/2] Compiling [32mbuild/.conf_check_50c19e219108f2a9350f2a3cbf6db09f/test.cpp[0m

['/usr/bin/g++', '-O0', '-ggdb', '-g3', '-Wall', '-Werror', '-DNS3_BUILD_PROFILE_DEBUG', '-DNS3_ASSERT_ENABLE', '-DNS3_LOG_ENABLE', '-DHAVE___UINT128_T=1', '-DINT64X64_USE_128=1', '-DHAVE_STDINT_H=1', '../test.cpp', '-c', '-o', '/home/sovietreborn/ns3-lbt_research/build/.conf_check_50c19e219108f2a9350f2a3cbf6db09f/testbuild/test.cpp.1.o']
[2/2] Linking [33mbuild/.conf_check_50c19e219108f2a9350f2a3cbf6db09f/testbuild/testprog[0m

['/usr/bin/g++', 'test.cpp.1.o', '-o', '/home/sovietreborn/ns3-lbt_research/build/.conf_check_50c19e219108f2a9350f2a3cbf6db09f/testbuild/testprog', '-Wl,-Bstatic', '-Wl,-Bdynamic']
>>>>>>> Stashed changes
yes
------------------------------------------------------------------
Checking for header sys/inttypes.h
==>
#include <sys/inttypes.h>

int main(int argc, char **argv) {
	(void)argc; (void)argv;
	return 0;
}

<==
<<<<<<< Updated upstream
[1/2] Compiling [32mbuild/.conf_check_3428d451da21fc5065c192ae4d9848f8/test.cpp[0m

['/usr/bin/clang++', '-O3', '-g', '-Wall', '-Werror', '-DNS3_BUILD_PROFILE_OPTIMIZED', '-DHAVE___UINT128_T=1', '-DINT64X64_USE_128=1', '-DHAVE_STDINT_H=1', '-DHAVE_INTTYPES_H=1', '../test.cpp', '-c', '-o', '/home/sovietreborn/ns3-lbt_research/build/.conf_check_3428d451da21fc5065c192ae4d9848f8/testbuild/test.cpp.1.o']
err: ../test.cpp:1:10: fatal error: 'sys/inttypes.h' file not found
#include <sys/inttypes.h>
         ^
1 error generated.
=======
[1/2] Compiling [32mbuild/.conf_check_1426395559aacdad387c20fecf387f1f/test.cpp[0m

['/usr/bin/g++', '-O0', '-ggdb', '-g3', '-Wall', '-Werror', '-DNS3_BUILD_PROFILE_DEBUG', '-DNS3_ASSERT_ENABLE', '-DNS3_LOG_ENABLE', '-DHAVE___UINT128_T=1', '-DINT64X64_USE_128=1', '-DHAVE_STDINT_H=1', '-DHAVE_INTTYPES_H=1', '../test.cpp', '-c', '-o', '/home/sovietreborn/ns3-lbt_research/build/.conf_check_1426395559aacdad387c20fecf387f1f/testbuild/test.cpp.1.o']
err: ../test.cpp:1:26: fatal error: sys/inttypes.h: No such file or directory
compilation terminated.
>>>>>>> Stashed changes

from /home/sovietreborn/ns3-lbt_research/src/core: Test does not build: Traceback (most recent call last):
  File "/home/sovietreborn/ns3-lbt_research/.waf-1.8.19-b1fc8f7baef51bd2db4c2971909a568d/waflib/Configure.py", line 335, in run_build
    bld.compile()
  File "/home/sovietreborn/ns3-lbt_research/.waf-1.8.19-b1fc8f7baef51bd2db4c2971909a568d/waflib/Build.py", line 185, in compile
    raise Errors.BuildError(self.producer.error)
BuildError: Build failed
 -> task in 'testprog' failed (exit status 1): 
<<<<<<< Updated upstream
	{task 139914896612432: cxx test.cpp -> test.cpp.1.o}
['/usr/bin/clang++', '-O3', '-g', '-Wall', '-Werror', '-DNS3_BUILD_PROFILE_OPTIMIZED', '-DHAVE___UINT128_T=1', '-DINT64X64_USE_128=1', '-DHAVE_STDINT_H=1', '-DHAVE_INTTYPES_H=1', '../test.cpp', '-c', '-o', '/home/sovietreborn/ns3-lbt_research/build/.conf_check_3428d451da21fc5065c192ae4d9848f8/testbuild/test.cpp.1.o']

not found
from /home/sovietreborn/ns3-lbt_research/src/core: The configuration failed
-----------------------------------------------
=======
	{task 140476938732432: cxx test.cpp -> test.cpp.1.o}
['/usr/bin/g++', '-O0', '-ggdb', '-g3', '-Wall', '-Werror', '-DNS3_BUILD_PROFILE_DEBUG', '-DNS3_ASSERT_ENABLE', '-DNS3_LOG_ENABLE', '-DHAVE___UINT128_T=1', '-DINT64X64_USE_128=1', '-DHAVE_STDINT_H=1', '-DHAVE_INTTYPES_H=1', '../test.cpp', '-c', '-o', '/home/sovietreborn/ns3-lbt_research/build/.conf_check_1426395559aacdad387c20fecf387f1f/testbuild/test.cpp.1.o']

not found
from /home/sovietreborn/ns3-lbt_research/src/core: The configuration failed
------------------------------------------------------------------
>>>>>>> Stashed changes
Checking for header sys/types.h
==>
#include <sys/types.h>

int main(int argc, char **argv) {
	(void)argc; (void)argv;
	return 0;
}

<==
<<<<<<< Updated upstream
[1/2] Compiling [32mbuild/.conf_check_5fcc41d5d7a390a10b8dbf0e2f4402e9/test.cpp[0m

['/usr/bin/clang++', '-O3', '-g', '-Wall', '-Werror', '-DNS3_BUILD_PROFILE_OPTIMIZED', '-DHAVE___UINT128_T=1', '-DINT64X64_USE_128=1', '-DHAVE_STDINT_H=1', '-DHAVE_INTTYPES_H=1', '../test.cpp', '-c', '-o', '/home/sovietreborn/ns3-lbt_research/build/.conf_check_5fcc41d5d7a390a10b8dbf0e2f4402e9/testbuild/test.cpp.1.o']
[2/2] Linking [33mbuild/.conf_check_5fcc41d5d7a390a10b8dbf0e2f4402e9/testbuild/testprog[0m

['/usr/bin/clang++', 'test.cpp.1.o', '-o', '/home/sovietreborn/ns3-lbt_research/build/.conf_check_5fcc41d5d7a390a10b8dbf0e2f4402e9/testbuild/testprog', '-Wl,-Bstatic', '-Wl,-Bdynamic']
=======
[1/2] Compiling [32mbuild/.conf_check_3ee8cb2d54814685a96d9310b8c2cd4a/test.cpp[0m

['/usr/bin/g++', '-O0', '-ggdb', '-g3', '-Wall', '-Werror', '-DNS3_BUILD_PROFILE_DEBUG', '-DNS3_ASSERT_ENABLE', '-DNS3_LOG_ENABLE', '-DHAVE___UINT128_T=1', '-DINT64X64_USE_128=1', '-DHAVE_STDINT_H=1', '-DHAVE_INTTYPES_H=1', '../test.cpp', '-c', '-o', '/home/sovietreborn/ns3-lbt_research/build/.conf_check_3ee8cb2d54814685a96d9310b8c2cd4a/testbuild/test.cpp.1.o']
[2/2] Linking [33mbuild/.conf_check_3ee8cb2d54814685a96d9310b8c2cd4a/testbuild/testprog[0m

['/usr/bin/g++', 'test.cpp.1.o', '-o', '/home/sovietreborn/ns3-lbt_research/build/.conf_check_3ee8cb2d54814685a96d9310b8c2cd4a/testbuild/testprog', '-Wl,-Bstatic', '-Wl,-Bdynamic']
>>>>>>> Stashed changes
yes
------------------------------------------------------------------
Checking for header sys/stat.h
==>
#include <sys/stat.h>

int main(int argc, char **argv) {
	(void)argc; (void)argv;
	return 0;
}

<==
<<<<<<< Updated upstream
[1/2] Compiling [32mbuild/.conf_check_0bfb5152be68e51c640717e5278344a4/test.cpp[0m

['/usr/bin/clang++', '-O3', '-g', '-Wall', '-Werror', '-DNS3_BUILD_PROFILE_OPTIMIZED', '-DHAVE___UINT128_T=1', '-DINT64X64_USE_128=1', '-DHAVE_STDINT_H=1', '-DHAVE_INTTYPES_H=1', '-DHAVE_SYS_TYPES_H=1', '../test.cpp', '-c', '-o', '/home/sovietreborn/ns3-lbt_research/build/.conf_check_0bfb5152be68e51c640717e5278344a4/testbuild/test.cpp.1.o']
[2/2] Linking [33mbuild/.conf_check_0bfb5152be68e51c640717e5278344a4/testbuild/testprog[0m

['/usr/bin/clang++', 'test.cpp.1.o', '-o', '/home/sovietreborn/ns3-lbt_research/build/.conf_check_0bfb5152be68e51c640717e5278344a4/testbuild/testprog', '-Wl,-Bstatic', '-Wl,-Bdynamic']
=======
[1/2] Compiling [32mbuild/.conf_check_085e9eab3b620607620ca8123cf610ee/test.cpp[0m

['/usr/bin/g++', '-O0', '-ggdb', '-g3', '-Wall', '-Werror', '-DNS3_BUILD_PROFILE_DEBUG', '-DNS3_ASSERT_ENABLE', '-DNS3_LOG_ENABLE', '-DHAVE___UINT128_T=1', '-DINT64X64_USE_128=1', '-DHAVE_STDINT_H=1', '-DHAVE_INTTYPES_H=1', '-DHAVE_SYS_TYPES_H=1', '../test.cpp', '-c', '-o', '/home/sovietreborn/ns3-lbt_research/build/.conf_check_085e9eab3b620607620ca8123cf610ee/testbuild/test.cpp.1.o']
[2/2] Linking [33mbuild/.conf_check_085e9eab3b620607620ca8123cf610ee/testbuild/testprog[0m

['/usr/bin/g++', 'test.cpp.1.o', '-o', '/home/sovietreborn/ns3-lbt_research/build/.conf_check_085e9eab3b620607620ca8123cf610ee/testbuild/testprog', '-Wl,-Bstatic', '-Wl,-Bdynamic']
>>>>>>> Stashed changes
yes
------------------------------------------------------------------
Checking for header dirent.h
==>
#include <dirent.h>

int main(int argc, char **argv) {
	(void)argc; (void)argv;
	return 0;
}

<==
<<<<<<< Updated upstream
[1/2] Compiling [32mbuild/.conf_check_ba0b314af9d8ab4ec0e72e39676a3b29/test.cpp[0m

['/usr/bin/clang++', '-O3', '-g', '-Wall', '-Werror', '-DNS3_BUILD_PROFILE_OPTIMIZED', '-DHAVE___UINT128_T=1', '-DINT64X64_USE_128=1', '-DHAVE_STDINT_H=1', '-DHAVE_INTTYPES_H=1', '-DHAVE_SYS_TYPES_H=1', '-DHAVE_SYS_STAT_H=1', '../test.cpp', '-c', '-o', '/home/sovietreborn/ns3-lbt_research/build/.conf_check_ba0b314af9d8ab4ec0e72e39676a3b29/testbuild/test.cpp.1.o']
[2/2] Linking [33mbuild/.conf_check_ba0b314af9d8ab4ec0e72e39676a3b29/testbuild/testprog[0m

['/usr/bin/clang++', 'test.cpp.1.o', '-o', '/home/sovietreborn/ns3-lbt_research/build/.conf_check_ba0b314af9d8ab4ec0e72e39676a3b29/testbuild/testprog', '-Wl,-Bstatic', '-Wl,-Bdynamic']
=======
[1/2] Compiling [32mbuild/.conf_check_163d42e725997781f5313818f86cfb45/test.cpp[0m

['/usr/bin/g++', '-O0', '-ggdb', '-g3', '-Wall', '-Werror', '-DNS3_BUILD_PROFILE_DEBUG', '-DNS3_ASSERT_ENABLE', '-DNS3_LOG_ENABLE', '-DHAVE___UINT128_T=1', '-DINT64X64_USE_128=1', '-DHAVE_STDINT_H=1', '-DHAVE_INTTYPES_H=1', '-DHAVE_SYS_TYPES_H=1', '-DHAVE_SYS_STAT_H=1', '../test.cpp', '-c', '-o', '/home/sovietreborn/ns3-lbt_research/build/.conf_check_163d42e725997781f5313818f86cfb45/testbuild/test.cpp.1.o']
[2/2] Linking [33mbuild/.conf_check_163d42e725997781f5313818f86cfb45/testbuild/testprog[0m

['/usr/bin/g++', 'test.cpp.1.o', '-o', '/home/sovietreborn/ns3-lbt_research/build/.conf_check_163d42e725997781f5313818f86cfb45/testbuild/testprog', '-Wl,-Bstatic', '-Wl,-Bdynamic']
>>>>>>> Stashed changes
yes
------------------------------------------------------------------
Checking for header stdlib.h
==>
#include <stdlib.h>

int main(int argc, char **argv) {
	(void)argc; (void)argv;
	return 0;
}

<==
<<<<<<< Updated upstream
[1/2] Compiling [32mbuild/.conf_check_a3d925798aec841e89388d2dd5d4f18f/test.cpp[0m

['/usr/bin/clang++', '-O3', '-g', '-Wall', '-Werror', '-DNS3_BUILD_PROFILE_OPTIMIZED', '-DHAVE___UINT128_T=1', '-DINT64X64_USE_128=1', '-DHAVE_STDINT_H=1', '-DHAVE_INTTYPES_H=1', '-DHAVE_SYS_TYPES_H=1', '-DHAVE_SYS_STAT_H=1', '-DHAVE_DIRENT_H=1', '../test.cpp', '-c', '-o', '/home/sovietreborn/ns3-lbt_research/build/.conf_check_a3d925798aec841e89388d2dd5d4f18f/testbuild/test.cpp.1.o']
[2/2] Linking [33mbuild/.conf_check_a3d925798aec841e89388d2dd5d4f18f/testbuild/testprog[0m

['/usr/bin/clang++', 'test.cpp.1.o', '-o', '/home/sovietreborn/ns3-lbt_research/build/.conf_check_a3d925798aec841e89388d2dd5d4f18f/testbuild/testprog', '-Wl,-Bstatic', '-Wl,-Bdynamic']
=======
[1/2] Compiling [32mbuild/.conf_check_7adab88302941fe37576f033f917fcc8/test.cpp[0m

['/usr/bin/g++', '-O0', '-ggdb', '-g3', '-Wall', '-Werror', '-DNS3_BUILD_PROFILE_DEBUG', '-DNS3_ASSERT_ENABLE', '-DNS3_LOG_ENABLE', '-DHAVE___UINT128_T=1', '-DINT64X64_USE_128=1', '-DHAVE_STDINT_H=1', '-DHAVE_INTTYPES_H=1', '-DHAVE_SYS_TYPES_H=1', '-DHAVE_SYS_STAT_H=1', '-DHAVE_DIRENT_H=1', '../test.cpp', '-c', '-o', '/home/sovietreborn/ns3-lbt_research/build/.conf_check_7adab88302941fe37576f033f917fcc8/testbuild/test.cpp.1.o']
[2/2] Linking [33mbuild/.conf_check_7adab88302941fe37576f033f917fcc8/testbuild/testprog[0m

['/usr/bin/g++', 'test.cpp.1.o', '-o', '/home/sovietreborn/ns3-lbt_research/build/.conf_check_7adab88302941fe37576f033f917fcc8/testbuild/testprog', '-Wl,-Bstatic', '-Wl,-Bdynamic']
>>>>>>> Stashed changes
yes
------------------------------------------------------------------
Checking for header signal.h
==>
#include <signal.h>

int main(int argc, char **argv) {
	(void)argc; (void)argv;
	return 0;
}

<==
<<<<<<< Updated upstream
[1/2] Compiling [32mbuild/.conf_check_a4ae3f37db6bef03df0903e49efc32ea/test.cpp[0m

['/usr/bin/clang++', '-O3', '-g', '-Wall', '-Werror', '-DNS3_BUILD_PROFILE_OPTIMIZED', '-DHAVE___UINT128_T=1', '-DINT64X64_USE_128=1', '-DHAVE_STDINT_H=1', '-DHAVE_INTTYPES_H=1', '-DHAVE_SYS_TYPES_H=1', '-DHAVE_SYS_STAT_H=1', '-DHAVE_DIRENT_H=1', '-DHAVE_STDLIB_H=1', '-DHAVE_GETENV=1', '../test.cpp', '-c', '-o', '/home/sovietreborn/ns3-lbt_research/build/.conf_check_a4ae3f37db6bef03df0903e49efc32ea/testbuild/test.cpp.1.o']
[2/2] Linking [33mbuild/.conf_check_a4ae3f37db6bef03df0903e49efc32ea/testbuild/testprog[0m

['/usr/bin/clang++', 'test.cpp.1.o', '-o', '/home/sovietreborn/ns3-lbt_research/build/.conf_check_a4ae3f37db6bef03df0903e49efc32ea/testbuild/testprog', '-Wl,-Bstatic', '-Wl,-Bdynamic']
=======
[1/2] Compiling [32mbuild/.conf_check_78768bd6331556545567f4fd8379e10b/test.cpp[0m

['/usr/bin/g++', '-O0', '-ggdb', '-g3', '-Wall', '-Werror', '-DNS3_BUILD_PROFILE_DEBUG', '-DNS3_ASSERT_ENABLE', '-DNS3_LOG_ENABLE', '-DHAVE___UINT128_T=1', '-DINT64X64_USE_128=1', '-DHAVE_STDINT_H=1', '-DHAVE_INTTYPES_H=1', '-DHAVE_SYS_TYPES_H=1', '-DHAVE_SYS_STAT_H=1', '-DHAVE_DIRENT_H=1', '-DHAVE_STDLIB_H=1', '-DHAVE_GETENV=1', '../test.cpp', '-c', '-o', '/home/sovietreborn/ns3-lbt_research/build/.conf_check_78768bd6331556545567f4fd8379e10b/testbuild/test.cpp.1.o']
[2/2] Linking [33mbuild/.conf_check_78768bd6331556545567f4fd8379e10b/testbuild/testprog[0m

['/usr/bin/g++', 'test.cpp.1.o', '-o', '/home/sovietreborn/ns3-lbt_research/build/.conf_check_78768bd6331556545567f4fd8379e10b/testbuild/testprog', '-Wl,-Bstatic', '-Wl,-Bdynamic']
>>>>>>> Stashed changes
yes
------------------------------------------------------------------
Checking for header pthread.h
==>

#include <pthread.h>
int main ()
{
   pthread_mutex_t m;
   pthread_mutex_init (&m, NULL);
   return 0;
}

<==
<<<<<<< Updated upstream
[1/2] Compiling [32mbuild/.conf_check_5f0716132dfd9048fb5c61666773849f/test.cpp[0m

['/usr/bin/clang++', '-O3', '-g', '-Wall', '-Werror', '-pthread', '-DNS3_BUILD_PROFILE_OPTIMIZED', '-DHAVE___UINT128_T=1', '-DINT64X64_USE_128=1', '-DHAVE_STDINT_H=1', '-DHAVE_INTTYPES_H=1', '-DHAVE_SYS_TYPES_H=1', '-DHAVE_SYS_STAT_H=1', '-DHAVE_DIRENT_H=1', '-DHAVE_STDLIB_H=1', '-DHAVE_GETENV=1', '-DHAVE_SIGNAL_H=1', '../test.cpp', '-c', '-o', '/home/sovietreborn/ns3-lbt_research/build/.conf_check_5f0716132dfd9048fb5c61666773849f/testbuild/test.cpp.1.o']
[2/2] Linking [33mbuild/.conf_check_5f0716132dfd9048fb5c61666773849f/testbuild/testprog[0m

['/usr/bin/clang++', '-pthread', 'test.cpp.1.o', '-o', '/home/sovietreborn/ns3-lbt_research/build/.conf_check_5f0716132dfd9048fb5c61666773849f/testbuild/testprog', '-Wl,-Bstatic', '-Wl,-Bdynamic']
=======
[1/2] Compiling [32mbuild/.conf_check_b3b2870ca3327fb11fbca2c6d963be26/test.cpp[0m

['/usr/bin/g++', '-O0', '-ggdb', '-g3', '-Wall', '-Werror', '-pthread', '-DNS3_BUILD_PROFILE_DEBUG', '-DNS3_ASSERT_ENABLE', '-DNS3_LOG_ENABLE', '-DHAVE___UINT128_T=1', '-DINT64X64_USE_128=1', '-DHAVE_STDINT_H=1', '-DHAVE_INTTYPES_H=1', '-DHAVE_SYS_TYPES_H=1', '-DHAVE_SYS_STAT_H=1', '-DHAVE_DIRENT_H=1', '-DHAVE_STDLIB_H=1', '-DHAVE_GETENV=1', '-DHAVE_SIGNAL_H=1', '../test.cpp', '-c', '-o', '/home/sovietreborn/ns3-lbt_research/build/.conf_check_b3b2870ca3327fb11fbca2c6d963be26/testbuild/test.cpp.1.o']
[2/2] Linking [33mbuild/.conf_check_b3b2870ca3327fb11fbca2c6d963be26/testbuild/testprog[0m

['/usr/bin/g++', '-pthread', 'test.cpp.1.o', '-o', '/home/sovietreborn/ns3-lbt_research/build/.conf_check_b3b2870ca3327fb11fbca2c6d963be26/testbuild/testprog', '-Wl,-Bstatic', '-Wl,-Bdynamic']
>>>>>>> Stashed changes
yes
------------------------------------------------------------------
Checking for header stdint.h
==>
#include <stdint.h>

int main(int argc, char **argv) {
	(void)argc; (void)argv;
	return 0;
}

<==
<<<<<<< Updated upstream
[1/2] Compiling [32mbuild/.conf_check_00dfbd16f39850b4e01226c4c366f362/test.cpp[0m

['/usr/bin/clang++', '-O3', '-g', '-Wall', '-Werror', '-DNS3_BUILD_PROFILE_OPTIMIZED', '-DHAVE___UINT128_T=1', '-DINT64X64_USE_128=1', '-DHAVE_INTTYPES_H=1', '-DHAVE_SYS_TYPES_H=1', '-DHAVE_SYS_STAT_H=1', '-DHAVE_DIRENT_H=1', '-DHAVE_STDLIB_H=1', '-DHAVE_GETENV=1', '-DHAVE_SIGNAL_H=1', '-DHAVE_PTHREAD_H=1', '../test.cpp', '-c', '-o', '/home/sovietreborn/ns3-lbt_research/build/.conf_check_00dfbd16f39850b4e01226c4c366f362/testbuild/test.cpp.1.o']
[2/2] Linking [33mbuild/.conf_check_00dfbd16f39850b4e01226c4c366f362/testbuild/testprog[0m

['/usr/bin/clang++', 'test.cpp.1.o', '-o', '/home/sovietreborn/ns3-lbt_research/build/.conf_check_00dfbd16f39850b4e01226c4c366f362/testbuild/testprog', '-Wl,-Bstatic', '-Wl,-Bdynamic']
=======
[1/2] Compiling [32mbuild/.conf_check_0f99bd408684fd5e9edb687caaf409b8/test.cpp[0m

['/usr/bin/g++', '-O0', '-ggdb', '-g3', '-Wall', '-Werror', '-DNS3_BUILD_PROFILE_DEBUG', '-DNS3_ASSERT_ENABLE', '-DNS3_LOG_ENABLE', '-DHAVE___UINT128_T=1', '-DINT64X64_USE_128=1', '-DHAVE_INTTYPES_H=1', '-DHAVE_SYS_TYPES_H=1', '-DHAVE_SYS_STAT_H=1', '-DHAVE_DIRENT_H=1', '-DHAVE_STDLIB_H=1', '-DHAVE_GETENV=1', '-DHAVE_SIGNAL_H=1', '-DHAVE_PTHREAD_H=1', '../test.cpp', '-c', '-o', '/home/sovietreborn/ns3-lbt_research/build/.conf_check_0f99bd408684fd5e9edb687caaf409b8/testbuild/test.cpp.1.o']
[2/2] Linking [33mbuild/.conf_check_0f99bd408684fd5e9edb687caaf409b8/testbuild/testprog[0m

['/usr/bin/g++', 'test.cpp.1.o', '-o', '/home/sovietreborn/ns3-lbt_research/build/.conf_check_0f99bd408684fd5e9edb687caaf409b8/testbuild/testprog', '-Wl,-Bstatic', '-Wl,-Bdynamic']
>>>>>>> Stashed changes
yes
------------------------------------------------------------------
Checking for header inttypes.h
==>
#include <inttypes.h>

int main(int argc, char **argv) {
	(void)argc; (void)argv;
	return 0;
}

<==
<<<<<<< Updated upstream
[1/2] Compiling [32mbuild/.conf_check_717b036c1f7680a5a879dd0d9c6a35c7/test.cpp[0m

['/usr/bin/clang++', '-O3', '-g', '-Wall', '-Werror', '-DNS3_BUILD_PROFILE_OPTIMIZED', '-DHAVE___UINT128_T=1', '-DINT64X64_USE_128=1', '-DHAVE_SYS_TYPES_H=1', '-DHAVE_SYS_STAT_H=1', '-DHAVE_DIRENT_H=1', '-DHAVE_STDLIB_H=1', '-DHAVE_GETENV=1', '-DHAVE_SIGNAL_H=1', '-DHAVE_PTHREAD_H=1', '-DHAVE_STDINT_H=1', '../test.cpp', '-c', '-o', '/home/sovietreborn/ns3-lbt_research/build/.conf_check_717b036c1f7680a5a879dd0d9c6a35c7/testbuild/test.cpp.1.o']
[2/2] Linking [33mbuild/.conf_check_717b036c1f7680a5a879dd0d9c6a35c7/testbuild/testprog[0m

['/usr/bin/clang++', 'test.cpp.1.o', '-o', '/home/sovietreborn/ns3-lbt_research/build/.conf_check_717b036c1f7680a5a879dd0d9c6a35c7/testbuild/testprog', '-Wl,-Bstatic', '-Wl,-Bdynamic']
=======
[1/2] Compiling [32mbuild/.conf_check_50c19e219108f2a9350f2a3cbf6db09f/test.cpp[0m

['/usr/bin/g++', '-O0', '-ggdb', '-g3', '-Wall', '-Werror', '-DNS3_BUILD_PROFILE_DEBUG', '-DNS3_ASSERT_ENABLE', '-DNS3_LOG_ENABLE', '-DHAVE___UINT128_T=1', '-DINT64X64_USE_128=1', '-DHAVE_SYS_TYPES_H=1', '-DHAVE_SYS_STAT_H=1', '-DHAVE_DIRENT_H=1', '-DHAVE_STDLIB_H=1', '-DHAVE_GETENV=1', '-DHAVE_SIGNAL_H=1', '-DHAVE_PTHREAD_H=1', '-DHAVE_STDINT_H=1', '../test.cpp', '-c', '-o', '/home/sovietreborn/ns3-lbt_research/build/.conf_check_50c19e219108f2a9350f2a3cbf6db09f/testbuild/test.cpp.1.o']
[2/2] Linking [33mbuild/.conf_check_50c19e219108f2a9350f2a3cbf6db09f/testbuild/testprog[0m

['/usr/bin/g++', 'test.cpp.1.o', '-o', '/home/sovietreborn/ns3-lbt_research/build/.conf_check_50c19e219108f2a9350f2a3cbf6db09f/testbuild/testprog', '-Wl,-Bstatic', '-Wl,-Bdynamic']
>>>>>>> Stashed changes
yes
------------------------------------------------------------------
Checking for header sys/inttypes.h
==>
#include <sys/inttypes.h>

int main(int argc, char **argv) {
	(void)argc; (void)argv;
	return 0;
}

<==
<<<<<<< Updated upstream
[1/2] Compiling [32mbuild/.conf_check_3428d451da21fc5065c192ae4d9848f8/test.cpp[0m

['/usr/bin/clang++', '-O3', '-g', '-Wall', '-Werror', '-DNS3_BUILD_PROFILE_OPTIMIZED', '-DHAVE___UINT128_T=1', '-DINT64X64_USE_128=1', '-DHAVE_SYS_TYPES_H=1', '-DHAVE_SYS_STAT_H=1', '-DHAVE_DIRENT_H=1', '-DHAVE_STDLIB_H=1', '-DHAVE_GETENV=1', '-DHAVE_SIGNAL_H=1', '-DHAVE_PTHREAD_H=1', '-DHAVE_STDINT_H=1', '-DHAVE_INTTYPES_H=1', '../test.cpp', '-c', '-o', '/home/sovietreborn/ns3-lbt_research/build/.conf_check_3428d451da21fc5065c192ae4d9848f8/testbuild/test.cpp.1.o']
err: ../test.cpp:1:10: fatal error: 'sys/inttypes.h' file not found
#include <sys/inttypes.h>
         ^
1 error generated.
=======
[1/2] Compiling [32mbuild/.conf_check_1426395559aacdad387c20fecf387f1f/test.cpp[0m

['/usr/bin/g++', '-O0', '-ggdb', '-g3', '-Wall', '-Werror', '-DNS3_BUILD_PROFILE_DEBUG', '-DNS3_ASSERT_ENABLE', '-DNS3_LOG_ENABLE', '-DHAVE___UINT128_T=1', '-DINT64X64_USE_128=1', '-DHAVE_SYS_TYPES_H=1', '-DHAVE_SYS_STAT_H=1', '-DHAVE_DIRENT_H=1', '-DHAVE_STDLIB_H=1', '-DHAVE_GETENV=1', '-DHAVE_SIGNAL_H=1', '-DHAVE_PTHREAD_H=1', '-DHAVE_STDINT_H=1', '-DHAVE_INTTYPES_H=1', '../test.cpp', '-c', '-o', '/home/sovietreborn/ns3-lbt_research/build/.conf_check_1426395559aacdad387c20fecf387f1f/testbuild/test.cpp.1.o']
err: ../test.cpp:1:26: fatal error: sys/inttypes.h: No such file or directory
compilation terminated.
>>>>>>> Stashed changes

from /home/sovietreborn/ns3-lbt_research/src/core: Test does not build: Traceback (most recent call last):
  File "/home/sovietreborn/ns3-lbt_research/.waf-1.8.19-b1fc8f7baef51bd2db4c2971909a568d/waflib/Configure.py", line 335, in run_build
    bld.compile()
  File "/home/sovietreborn/ns3-lbt_research/.waf-1.8.19-b1fc8f7baef51bd2db4c2971909a568d/waflib/Build.py", line 185, in compile
    raise Errors.BuildError(self.producer.error)
BuildError: Build failed
 -> task in 'testprog' failed (exit status 1): 
<<<<<<< Updated upstream
	{task 139914896781392: cxx test.cpp -> test.cpp.1.o}
['/usr/bin/clang++', '-O3', '-g', '-Wall', '-Werror', '-DNS3_BUILD_PROFILE_OPTIMIZED', '-DHAVE___UINT128_T=1', '-DINT64X64_USE_128=1', '-DHAVE_SYS_TYPES_H=1', '-DHAVE_SYS_STAT_H=1', '-DHAVE_DIRENT_H=1', '-DHAVE_STDLIB_H=1', '-DHAVE_GETENV=1', '-DHAVE_SIGNAL_H=1', '-DHAVE_PTHREAD_H=1', '-DHAVE_STDINT_H=1', '-DHAVE_INTTYPES_H=1', '../test.cpp', '-c', '-o', '/home/sovietreborn/ns3-lbt_research/build/.conf_check_3428d451da21fc5065c192ae4d9848f8/testbuild/test.cpp.1.o']

not found
from /home/sovietreborn/ns3-lbt_research/src/core: The configuration failed
-----------------------------------------------
=======
	{task 140476938961104: cxx test.cpp -> test.cpp.1.o}
['/usr/bin/g++', '-O0', '-ggdb', '-g3', '-Wall', '-Werror', '-DNS3_BUILD_PROFILE_DEBUG', '-DNS3_ASSERT_ENABLE', '-DNS3_LOG_ENABLE', '-DHAVE___UINT128_T=1', '-DINT64X64_USE_128=1', '-DHAVE_SYS_TYPES_H=1', '-DHAVE_SYS_STAT_H=1', '-DHAVE_DIRENT_H=1', '-DHAVE_STDLIB_H=1', '-DHAVE_GETENV=1', '-DHAVE_SIGNAL_H=1', '-DHAVE_PTHREAD_H=1', '-DHAVE_STDINT_H=1', '-DHAVE_INTTYPES_H=1', '../test.cpp', '-c', '-o', '/home/sovietreborn/ns3-lbt_research/build/.conf_check_1426395559aacdad387c20fecf387f1f/testbuild/test.cpp.1.o']

not found
from /home/sovietreborn/ns3-lbt_research/src/core: The configuration failed
------------------------------------------------------------------
>>>>>>> Stashed changes
Checking for library rt
==>

int main(int argc, char **argv) {
	(void)argc; (void)argv;
	return 0;
}

<==
<<<<<<< Updated upstream
[1/2] Compiling [32mbuild/.conf_check_38a8c33155634060b8a8a5bae806039e/test.cpp[0m

['/usr/bin/clang++', '-O3', '-g', '-Wall', '-Werror', '-pthread', '-DNS3_BUILD_PROFILE_OPTIMIZED', '-DHAVE___UINT128_T=1', '-DINT64X64_USE_128=1', '-DHAVE_SYS_TYPES_H=1', '-DHAVE_SYS_STAT_H=1', '-DHAVE_DIRENT_H=1', '-DHAVE_STDLIB_H=1', '-DHAVE_GETENV=1', '-DHAVE_SIGNAL_H=1', '-DHAVE_PTHREAD_H=1', '-DHAVE_STDINT_H=1', '-DHAVE_INTTYPES_H=1', '../test.cpp', '-c', '-o', '/home/sovietreborn/ns3-lbt_research/build/.conf_check_38a8c33155634060b8a8a5bae806039e/testbuild/test.cpp.1.o']
[2/2] Linking [33mbuild/.conf_check_38a8c33155634060b8a8a5bae806039e/testbuild/testprog[0m

['/usr/bin/clang++', '-pthread', 'test.cpp.1.o', '-o', '/home/sovietreborn/ns3-lbt_research/build/.conf_check_38a8c33155634060b8a8a5bae806039e/testbuild/testprog', '-Wl,-Bstatic', '-Wl,-Bdynamic', '-lrt']
=======
[1/2] Compiling [32mbuild/.conf_check_f38f752a22ba92602a871c765bed12f1/test.cpp[0m

['/usr/bin/g++', '-O0', '-ggdb', '-g3', '-Wall', '-Werror', '-pthread', '-DNS3_BUILD_PROFILE_DEBUG', '-DNS3_ASSERT_ENABLE', '-DNS3_LOG_ENABLE', '-DHAVE___UINT128_T=1', '-DINT64X64_USE_128=1', '-DHAVE_SYS_TYPES_H=1', '-DHAVE_SYS_STAT_H=1', '-DHAVE_DIRENT_H=1', '-DHAVE_STDLIB_H=1', '-DHAVE_GETENV=1', '-DHAVE_SIGNAL_H=1', '-DHAVE_PTHREAD_H=1', '-DHAVE_STDINT_H=1', '-DHAVE_INTTYPES_H=1', '../test.cpp', '-c', '-o', '/home/sovietreborn/ns3-lbt_research/build/.conf_check_f38f752a22ba92602a871c765bed12f1/testbuild/test.cpp.1.o']
[2/2] Linking [33mbuild/.conf_check_f38f752a22ba92602a871c765bed12f1/testbuild/testprog[0m

['/usr/bin/g++', '-pthread', 'test.cpp.1.o', '-o', '/home/sovietreborn/ns3-lbt_research/build/.conf_check_f38f752a22ba92602a871c765bed12f1/testbuild/testprog', '-Wl,-Bstatic', '-Wl,-Bdynamic', '-lrt']
>>>>>>> Stashed changes
yes
------------------------------------------------------------------
Checking for header sys/ioctl.h
==>
#include <sys/ioctl.h>

int main(int argc, char **argv) {
	(void)argc; (void)argv;
	return 0;
}

<==
<<<<<<< Updated upstream
[1/2] Compiling [32mbuild/.conf_check_81d9f7895b07c4472df218adc664eeae/test.cpp[0m

['/usr/bin/clang++', '-O3', '-g', '-Wall', '-Werror', '-DNS3_BUILD_PROFILE_OPTIMIZED', '../test.cpp', '-c', '-o', '/home/sovietreborn/ns3-lbt_research/build/.conf_check_81d9f7895b07c4472df218adc664eeae/testbuild/test.cpp.1.o']
[2/2] Linking [33mbuild/.conf_check_81d9f7895b07c4472df218adc664eeae/testbuild/testprog[0m

['/usr/bin/clang++', 'test.cpp.1.o', '-o', '/home/sovietreborn/ns3-lbt_research/build/.conf_check_81d9f7895b07c4472df218adc664eeae/testbuild/testprog', '-Wl,-Bstatic', '-Wl,-Bdynamic']
=======
[1/2] Compiling [32mbuild/.conf_check_fe07faed5f4170872a315f1f593eb114/test.cpp[0m

['/usr/bin/g++', '-O0', '-ggdb', '-g3', '-Wall', '-Werror', '-DNS3_BUILD_PROFILE_DEBUG', '-DNS3_ASSERT_ENABLE', '-DNS3_LOG_ENABLE', '../test.cpp', '-c', '-o', '/home/sovietreborn/ns3-lbt_research/build/.conf_check_fe07faed5f4170872a315f1f593eb114/testbuild/test.cpp.1.o']
[2/2] Linking [33mbuild/.conf_check_fe07faed5f4170872a315f1f593eb114/testbuild/testprog[0m

['/usr/bin/g++', 'test.cpp.1.o', '-o', '/home/sovietreborn/ns3-lbt_research/build/.conf_check_fe07faed5f4170872a315f1f593eb114/testbuild/testprog', '-Wl,-Bstatic', '-Wl,-Bdynamic']
>>>>>>> Stashed changes
yes
------------------------------------------------------------------
Checking for header net/if.h
==>
#include <net/if.h>

int main(int argc, char **argv) {
	(void)argc; (void)argv;
	return 0;
}

<==
<<<<<<< Updated upstream
[1/2] Compiling [32mbuild/.conf_check_b7dd197628556b519449238a8add1163/test.cpp[0m

['/usr/bin/clang++', '-O3', '-g', '-Wall', '-Werror', '-DNS3_BUILD_PROFILE_OPTIMIZED', '-DHAVE_SYS_IOCTL_H=1', '../test.cpp', '-c', '-o', '/home/sovietreborn/ns3-lbt_research/build/.conf_check_b7dd197628556b519449238a8add1163/testbuild/test.cpp.1.o']
[2/2] Linking [33mbuild/.conf_check_b7dd197628556b519449238a8add1163/testbuild/testprog[0m

['/usr/bin/clang++', 'test.cpp.1.o', '-o', '/home/sovietreborn/ns3-lbt_research/build/.conf_check_b7dd197628556b519449238a8add1163/testbuild/testprog', '-Wl,-Bstatic', '-Wl,-Bdynamic']
=======
[1/2] Compiling [32mbuild/.conf_check_f343b9f074e14ad934dd6635e204f4b0/test.cpp[0m

['/usr/bin/g++', '-O0', '-ggdb', '-g3', '-Wall', '-Werror', '-DNS3_BUILD_PROFILE_DEBUG', '-DNS3_ASSERT_ENABLE', '-DNS3_LOG_ENABLE', '-DHAVE_SYS_IOCTL_H=1', '../test.cpp', '-c', '-o', '/home/sovietreborn/ns3-lbt_research/build/.conf_check_f343b9f074e14ad934dd6635e204f4b0/testbuild/test.cpp.1.o']
[2/2] Linking [33mbuild/.conf_check_f343b9f074e14ad934dd6635e204f4b0/testbuild/testprog[0m

['/usr/bin/g++', 'test.cpp.1.o', '-o', '/home/sovietreborn/ns3-lbt_research/build/.conf_check_f343b9f074e14ad934dd6635e204f4b0/testbuild/testprog', '-Wl,-Bstatic', '-Wl,-Bdynamic']
>>>>>>> Stashed changes
yes
------------------------------------------------------------------
Checking for header net/ethernet.h
==>
#include <net/ethernet.h>

int main(int argc, char **argv) {
	(void)argc; (void)argv;
	return 0;
}

<==
<<<<<<< Updated upstream
[1/2] Compiling [32mbuild/.conf_check_75838fb879a5a902e67bd5c471aceabf/test.cpp[0m

['/usr/bin/clang++', '-O3', '-g', '-Wall', '-Werror', '-DNS3_BUILD_PROFILE_OPTIMIZED', '-DHAVE_SYS_IOCTL_H=1', '-DHAVE_IF_NETS_H=1', '../test.cpp', '-c', '-o', '/home/sovietreborn/ns3-lbt_research/build/.conf_check_75838fb879a5a902e67bd5c471aceabf/testbuild/test.cpp.1.o']
[2/2] Linking [33mbuild/.conf_check_75838fb879a5a902e67bd5c471aceabf/testbuild/testprog[0m

['/usr/bin/clang++', 'test.cpp.1.o', '-o', '/home/sovietreborn/ns3-lbt_research/build/.conf_check_75838fb879a5a902e67bd5c471aceabf/testbuild/testprog', '-Wl,-Bstatic', '-Wl,-Bdynamic']
=======
[1/2] Compiling [32mbuild/.conf_check_df0f1cc73f72b2b61454d256642644ca/test.cpp[0m

['/usr/bin/g++', '-O0', '-ggdb', '-g3', '-Wall', '-Werror', '-DNS3_BUILD_PROFILE_DEBUG', '-DNS3_ASSERT_ENABLE', '-DNS3_LOG_ENABLE', '-DHAVE_SYS_IOCTL_H=1', '-DHAVE_IF_NETS_H=1', '../test.cpp', '-c', '-o', '/home/sovietreborn/ns3-lbt_research/build/.conf_check_df0f1cc73f72b2b61454d256642644ca/testbuild/test.cpp.1.o']
[2/2] Linking [33mbuild/.conf_check_df0f1cc73f72b2b61454d256642644ca/testbuild/testprog[0m

['/usr/bin/g++', 'test.cpp.1.o', '-o', '/home/sovietreborn/ns3-lbt_research/build/.conf_check_df0f1cc73f72b2b61454d256642644ca/testbuild/testprog', '-Wl,-Bstatic', '-Wl,-Bdynamic']
>>>>>>> Stashed changes
yes
------------------------------------------------------------------
Checking for header linux/if_tun.h
==>
#include <linux/if_tun.h>

int main(int argc, char **argv) {
	(void)argc; (void)argv;
	return 0;
}

<==
<<<<<<< Updated upstream
[1/2] Compiling [32mbuild/.conf_check_c29d6d4fc45e11a7846ca1b8d7f71b6d/test.cpp[0m

['/usr/bin/clang++', '-O3', '-g', '-Wall', '-Werror', '-DNS3_BUILD_PROFILE_OPTIMIZED', '-DHAVE_SYS_IOCTL_H=1', '-DHAVE_IF_NETS_H=1', '-DHAVE_NET_ETHERNET_H=1', '../test.cpp', '-c', '-o', '/home/sovietreborn/ns3-lbt_research/build/.conf_check_c29d6d4fc45e11a7846ca1b8d7f71b6d/testbuild/test.cpp.1.o']
[2/2] Linking [33mbuild/.conf_check_c29d6d4fc45e11a7846ca1b8d7f71b6d/testbuild/testprog[0m

['/usr/bin/clang++', 'test.cpp.1.o', '-o', '/home/sovietreborn/ns3-lbt_research/build/.conf_check_c29d6d4fc45e11a7846ca1b8d7f71b6d/testbuild/testprog', '-Wl,-Bstatic', '-Wl,-Bdynamic']
=======
[1/2] Compiling [32mbuild/.conf_check_87c7c1502dd4e97a083bbcc40db24e39/test.cpp[0m

['/usr/bin/g++', '-O0', '-ggdb', '-g3', '-Wall', '-Werror', '-DNS3_BUILD_PROFILE_DEBUG', '-DNS3_ASSERT_ENABLE', '-DNS3_LOG_ENABLE', '-DHAVE_SYS_IOCTL_H=1', '-DHAVE_IF_NETS_H=1', '-DHAVE_NET_ETHERNET_H=1', '../test.cpp', '-c', '-o', '/home/sovietreborn/ns3-lbt_research/build/.conf_check_87c7c1502dd4e97a083bbcc40db24e39/testbuild/test.cpp.1.o']
[2/2] Linking [33mbuild/.conf_check_87c7c1502dd4e97a083bbcc40db24e39/testbuild/testprog[0m

['/usr/bin/g++', 'test.cpp.1.o', '-o', '/home/sovietreborn/ns3-lbt_research/build/.conf_check_87c7c1502dd4e97a083bbcc40db24e39/testbuild/testprog', '-Wl,-Bstatic', '-Wl,-Bdynamic']
>>>>>>> Stashed changes
yes
------------------------------------------------------------------
Checking for header netpacket/packet.h
==>
#include <netpacket/packet.h>

int main(int argc, char **argv) {
	(void)argc; (void)argv;
	return 0;
}

<==
<<<<<<< Updated upstream
[1/2] Compiling [32mbuild/.conf_check_4fcfdffaabf6a4c80ecdbc5f5d6e20ab/test.cpp[0m

['/usr/bin/clang++', '-O3', '-g', '-Wall', '-Werror', '-DNS3_BUILD_PROFILE_OPTIMIZED', '-DHAVE_SYS_IOCTL_H=1', '-DHAVE_IF_NETS_H=1', '-DHAVE_NET_ETHERNET_H=1', '-DHAVE_IF_TUN_H=1', '../test.cpp', '-c', '-o', '/home/sovietreborn/ns3-lbt_research/build/.conf_check_4fcfdffaabf6a4c80ecdbc5f5d6e20ab/testbuild/test.cpp.1.o']
[2/2] Linking [33mbuild/.conf_check_4fcfdffaabf6a4c80ecdbc5f5d6e20ab/testbuild/testprog[0m

['/usr/bin/clang++', 'test.cpp.1.o', '-o', '/home/sovietreborn/ns3-lbt_research/build/.conf_check_4fcfdffaabf6a4c80ecdbc5f5d6e20ab/testbuild/testprog', '-Wl,-Bstatic', '-Wl,-Bdynamic']
=======
[1/2] Compiling [32mbuild/.conf_check_e0dd568c8269883bdd7fb678b6e11227/test.cpp[0m

['/usr/bin/g++', '-O0', '-ggdb', '-g3', '-Wall', '-Werror', '-DNS3_BUILD_PROFILE_DEBUG', '-DNS3_ASSERT_ENABLE', '-DNS3_LOG_ENABLE', '-DHAVE_SYS_IOCTL_H=1', '-DHAVE_IF_NETS_H=1', '-DHAVE_NET_ETHERNET_H=1', '-DHAVE_IF_TUN_H=1', '../test.cpp', '-c', '-o', '/home/sovietreborn/ns3-lbt_research/build/.conf_check_e0dd568c8269883bdd7fb678b6e11227/testbuild/test.cpp.1.o']
[2/2] Linking [33mbuild/.conf_check_e0dd568c8269883bdd7fb678b6e11227/testbuild/testprog[0m

['/usr/bin/g++', 'test.cpp.1.o', '-o', '/home/sovietreborn/ns3-lbt_research/build/.conf_check_e0dd568c8269883bdd7fb678b6e11227/testbuild/testprog', '-Wl,-Bstatic', '-Wl,-Bdynamic']
>>>>>>> Stashed changes
yes
------------------------------------------------------------------
Checking for NSC location
not found
------------------------------------------------------------------
Checking for OpenFlow location
not found
<<<<<<< Updated upstream
find program=['pkg-config'] paths=['/usr/local/bin', '/usr/bin', '/bin', '/usr/local/games', '/usr/games'] var='PKGCONFIG' -> None
from /home/sovietreborn/ns3-lbt_research/src/stats: Could not find the program ['pkg-config']
-----------------------------------------------
=======
------------------------------------------------------------------
Checking for 'sqlite3'
['/usr/bin/pkg-config', '--cflags', '--libs', 'sqlite3']
out: -lsqlite3

yes
------------------------------------------------------------------
>>>>>>> Stashed changes
Checking for header linux/if_tun.h
==>
#include <linux/if_tun.h>

int main(int argc, char **argv) {
	(void)argc; (void)argv;
	return 0;
}

<==
<<<<<<< Updated upstream
[1/2] Compiling [32mbuild/.conf_check_c29d6d4fc45e11a7846ca1b8d7f71b6d/test.cpp[0m

['/usr/bin/clang++', '-O3', '-g', '-Wall', '-Werror', '-DNS3_BUILD_PROFILE_OPTIMIZED', '-DHAVE_SYS_IOCTL_H=1', '-DHAVE_IF_NETS_H=1', '-DHAVE_NET_ETHERNET_H=1', '-DHAVE_PACKET_H=1', '../test.cpp', '-c', '-o', '/home/sovietreborn/ns3-lbt_research/build/.conf_check_c29d6d4fc45e11a7846ca1b8d7f71b6d/testbuild/test.cpp.1.o']
[2/2] Linking [33mbuild/.conf_check_c29d6d4fc45e11a7846ca1b8d7f71b6d/testbuild/testprog[0m

['/usr/bin/clang++', 'test.cpp.1.o', '-o', '/home/sovietreborn/ns3-lbt_research/build/.conf_check_c29d6d4fc45e11a7846ca1b8d7f71b6d/testbuild/testprog', '-Wl,-Bstatic', '-Wl,-Bdynamic']
=======
[1/2] Compiling [32mbuild/.conf_check_87c7c1502dd4e97a083bbcc40db24e39/test.cpp[0m

['/usr/bin/g++', '-O0', '-ggdb', '-g3', '-Wall', '-Werror', '-DNS3_BUILD_PROFILE_DEBUG', '-DNS3_ASSERT_ENABLE', '-DNS3_LOG_ENABLE', '-DHAVE_SYS_IOCTL_H=1', '-DHAVE_IF_NETS_H=1', '-DHAVE_NET_ETHERNET_H=1', '-DHAVE_PACKET_H=1', '../test.cpp', '-c', '-o', '/home/sovietreborn/ns3-lbt_research/build/.conf_check_87c7c1502dd4e97a083bbcc40db24e39/testbuild/test.cpp.1.o']
[2/2] Linking [33mbuild/.conf_check_87c7c1502dd4e97a083bbcc40db24e39/testbuild/testprog[0m

['/usr/bin/g++', 'test.cpp.1.o', '-o', '/home/sovietreborn/ns3-lbt_research/build/.conf_check_87c7c1502dd4e97a083bbcc40db24e39/testbuild/testprog', '-Wl,-Bstatic', '-Wl,-Bdynamic']
>>>>>>> Stashed changes
yes
------------------------------------------------------------------
Checking for program 'sudo'
/usr/bin/sudo
find program=['sudo'] paths=['/home/sovietreborn/bin', '/home/sovietreborn/.local/bin', '/usr/local/sbin', '/usr/local/bin', '/usr/sbin', '/usr/bin', '/sbin', '/bin', '/usr/games', '/usr/local/games', '/snap/bin', '/usr/lib/jvm/java-8-oracle/bin', '/usr/lib/jvm/java-8-oracle/db/bin', '/usr/lib/jvm/java-8-oracle/jre/bin'] var='SUDO' -> ['/usr/bin/sudo']
------------------------------------------------------------------
Checking for program 'valgrind'
/usr/bin/valgrind
find program=['valgrind'] paths=['/home/sovietreborn/bin', '/home/sovietreborn/.local/bin', '/usr/local/sbin', '/usr/local/bin', '/usr/sbin', '/usr/bin', '/sbin', '/bin', '/usr/games', '/usr/local/games', '/snap/bin', '/usr/lib/jvm/java-8-oracle/bin', '/usr/lib/jvm/java-8-oracle/db/bin', '/usr/lib/jvm/java-8-oracle/jre/bin'] var='VALGRIND' -> ['/usr/bin/valgrind']
------------------------------------------------------------------
Checking for 'gsl'
['/usr/bin/pkg-config', '--cflags', '--libs', 'gsl']
err: Package gsl was not found in the pkg-config search path.
Perhaps you should add the directory containing `gsl.pc'
to the PKG_CONFIG_PATH environment variable
No package 'gsl' found

not found
<<<<<<< Updated upstream
find program=['valgrind'] paths=['/usr/local/bin', '/usr/bin', '/bin', '/usr/local/games', '/usr/games'] var='VALGRIND' -> None
from /home/sovietreborn/ns3-lbt_research: Could not find the program ['valgrind']
-----------------------------------------------
Checking for program 'pkg-config'
not found
find program=['pkg-config'] paths=['/usr/local/bin', '/usr/bin', '/bin', '/usr/local/games', '/usr/games'] var='PKGCONFIG' -> None
from /home/sovietreborn/ns3-lbt_research: Could not find the program ['pkg-config']
-----------------------------------------------
python-config
not found
find program=['libgcrypt-config'] paths=['/usr/local/bin', '/usr/bin', '/bin', '/usr/local/games', '/usr/games'] var='LIBGCRYPT_CONFIG' -> None
from /home/sovietreborn/ns3-lbt_research: Could not find the program ['libgcrypt-config']
----------------------------------------------------------------
=======
from /home/sovietreborn/ns3-lbt_research: The configuration failed
------------------------------------------------------------------
python-config
not found
find program=['libgcrypt-config'] paths=['/home/sovietreborn/bin', '/home/sovietreborn/.local/bin', '/usr/local/sbin', '/usr/local/bin', '/usr/sbin', '/usr/bin', '/sbin', '/bin', '/usr/games', '/usr/local/games', '/snap/bin', '/usr/lib/jvm/java-8-oracle/bin', '/usr/lib/jvm/java-8-oracle/db/bin', '/usr/lib/jvm/java-8-oracle/jre/bin'] var='LIBGCRYPT_CONFIG' -> None
from /home/sovietreborn/ns3-lbt_research: Could not find the program ['libgcrypt-config']
------------------------------------------------------------------
Checking for compilation flag -Wno-error=deprecated-d... support
==>
int main() { return 0; }
<==
[1/1] Compiling [32mbuild/.conf_check_e4b9e1ad30570ee5076b6c17f436dddd/test.cpp[0m

['/usr/bin/g++', '-O0', '-ggdb', '-g3', '-Wall', '-Werror', '-Wno-error=deprecated-declarations', '-DNS3_BUILD_PROFILE_DEBUG', '-DNS3_ASSERT_ENABLE', '-DNS3_LOG_ENABLE', '-DHAVE_SYS_IOCTL_H=1', '-DHAVE_IF_NETS_H=1', '-DHAVE_NET_ETHERNET_H=1', '-DHAVE_PACKET_H=1', '-DHAVE_IF_TUN_H=1', '../test.cpp', '-c', '-o', '/home/sovietreborn/ns3-lbt_research/build/.conf_check_e4b9e1ad30570ee5076b6c17f436dddd/testbuild/test.cpp.1.o']
ok
------------------------------------------------------------------
>>>>>>> Stashed changes
Checking for compilation flag -Wno-error=deprecated-d... support
==>
int main() { return 0; }
<==
<<<<<<< Updated upstream
[1/1] Compiling [32mbuild/.conf_check_9d89fbcf5d9466d7c671abee66f55453/test.c[0m

['/usr/bin/gcc', '-Wno-error=deprecated-declarations', '-DNS3_BUILD_PROFILE_OPTIMIZED', '-DHAVE_SYS_IOCTL_H=1', '-DHAVE_IF_NETS_H=1', '-DHAVE_NET_ETHERNET_H=1', '-DHAVE_PACKET_H=1', '-DHAVE_IF_TUN_H=1', '../test.c', '-c', '-o', '/home/sovietreborn/ns3-lbt_research/build/.conf_check_9d89fbcf5d9466d7c671abee66f55453/testbuild/test.c.1.o']
=======
[1/1] Compiling [32mbuild/.conf_check_61def9095e6f206f427f72197e4aced4/test.c[0m

['/usr/bin/gcc', '-Wno-error=deprecated-declarations', '-DNS3_BUILD_PROFILE_DEBUG', '-DNS3_ASSERT_ENABLE', '-DNS3_LOG_ENABLE', '-DHAVE_SYS_IOCTL_H=1', '-DHAVE_IF_NETS_H=1', '-DHAVE_NET_ETHERNET_H=1', '-DHAVE_PACKET_H=1', '-DHAVE_IF_TUN_H=1', '../test.c', '-c', '-o', '/home/sovietreborn/ns3-lbt_research/build/.conf_check_61def9095e6f206f427f72197e4aced4/testbuild/test.c.1.o']
ok
------------------------------------------------------------------
Checking for compilation flag -fstrict-aliasing support
==>
int main() { return 0; }
<==
[1/1] Compiling [32mbuild/.conf_check_e4b9e1ad30570ee5076b6c17f436dddd/test.cpp[0m

['/usr/bin/g++', '-O0', '-ggdb', '-g3', '-Wall', '-Werror', '-Wno-error=deprecated-declarations', '-fstrict-aliasing', '-DNS3_BUILD_PROFILE_DEBUG', '-DNS3_ASSERT_ENABLE', '-DNS3_LOG_ENABLE', '-DHAVE_SYS_IOCTL_H=1', '-DHAVE_IF_NETS_H=1', '-DHAVE_NET_ETHERNET_H=1', '-DHAVE_PACKET_H=1', '-DHAVE_IF_TUN_H=1', '../test.cpp', '-c', '-o', '/home/sovietreborn/ns3-lbt_research/build/.conf_check_e4b9e1ad30570ee5076b6c17f436dddd/testbuild/test.cpp.1.o']
>>>>>>> Stashed changes
ok
------------------------------------------------------------------
Checking for compilation flag -fstrict-aliasing support
==>
int main() { return 0; }
<==
<<<<<<< Updated upstream
[1/1] Compiling [32mbuild/.conf_check_9d89fbcf5d9466d7c671abee66f55453/test.c[0m

['/usr/bin/gcc', '-fstrict-aliasing', '-DNS3_BUILD_PROFILE_OPTIMIZED', '-DHAVE_SYS_IOCTL_H=1', '-DHAVE_IF_NETS_H=1', '-DHAVE_NET_ETHERNET_H=1', '-DHAVE_PACKET_H=1', '-DHAVE_IF_TUN_H=1', '../test.c', '-c', '-o', '/home/sovietreborn/ns3-lbt_research/build/.conf_check_9d89fbcf5d9466d7c671abee66f55453/testbuild/test.c.1.o']
=======
[1/1] Compiling [32mbuild/.conf_check_61def9095e6f206f427f72197e4aced4/test.c[0m

['/usr/bin/gcc', '-fstrict-aliasing', '-DNS3_BUILD_PROFILE_DEBUG', '-DNS3_ASSERT_ENABLE', '-DNS3_LOG_ENABLE', '-DHAVE_SYS_IOCTL_H=1', '-DHAVE_IF_NETS_H=1', '-DHAVE_NET_ETHERNET_H=1', '-DHAVE_PACKET_H=1', '-DHAVE_IF_TUN_H=1', '../test.c', '-c', '-o', '/home/sovietreborn/ns3-lbt_research/build/.conf_check_61def9095e6f206f427f72197e4aced4/testbuild/test.c.1.o']
ok
------------------------------------------------------------------
Checking for compilation flag -Wstrict-aliasing support
==>
int main() { return 0; }
<==
[1/1] Compiling [32mbuild/.conf_check_e4b9e1ad30570ee5076b6c17f436dddd/test.cpp[0m

['/usr/bin/g++', '-O0', '-ggdb', '-g3', '-Wall', '-Werror', '-Wno-error=deprecated-declarations', '-fstrict-aliasing', '-Wstrict-aliasing', '-DNS3_BUILD_PROFILE_DEBUG', '-DNS3_ASSERT_ENABLE', '-DNS3_LOG_ENABLE', '-DHAVE_SYS_IOCTL_H=1', '-DHAVE_IF_NETS_H=1', '-DHAVE_NET_ETHERNET_H=1', '-DHAVE_PACKET_H=1', '-DHAVE_IF_TUN_H=1', '../test.cpp', '-c', '-o', '/home/sovietreborn/ns3-lbt_research/build/.conf_check_e4b9e1ad30570ee5076b6c17f436dddd/testbuild/test.cpp.1.o']
>>>>>>> Stashed changes
ok
------------------------------------------------------------------
Checking for compilation flag -Wstrict-aliasing support
==>
int main() { return 0; }
<==
<<<<<<< Updated upstream
[1/1] Compiling [32mbuild/.conf_check_9d89fbcf5d9466d7c671abee66f55453/test.c[0m

['/usr/bin/gcc', '-Wstrict-aliasing', '-DNS3_BUILD_PROFILE_OPTIMIZED', '-DHAVE_SYS_IOCTL_H=1', '-DHAVE_IF_NETS_H=1', '-DHAVE_NET_ETHERNET_H=1', '-DHAVE_PACKET_H=1', '-DHAVE_IF_TUN_H=1', '../test.c', '-c', '-o', '/home/sovietreborn/ns3-lbt_research/build/.conf_check_9d89fbcf5d9466d7c671abee66f55453/testbuild/test.c.1.o']
=======
[1/1] Compiling [32mbuild/.conf_check_61def9095e6f206f427f72197e4aced4/test.c[0m

['/usr/bin/gcc', '-Wstrict-aliasing', '-DNS3_BUILD_PROFILE_DEBUG', '-DNS3_ASSERT_ENABLE', '-DNS3_LOG_ENABLE', '-DHAVE_SYS_IOCTL_H=1', '-DHAVE_IF_NETS_H=1', '-DHAVE_NET_ETHERNET_H=1', '-DHAVE_PACKET_H=1', '-DHAVE_IF_TUN_H=1', '../test.c', '-c', '-o', '/home/sovietreborn/ns3-lbt_research/build/.conf_check_61def9095e6f206f427f72197e4aced4/testbuild/test.c.1.o']
>>>>>>> Stashed changes
ok
------------------------------------------------------------------
Checking for program 'doxygen'
<<<<<<< Updated upstream
not found
find program=['doxygen'] paths=['/usr/local/bin', '/usr/bin', '/bin', '/usr/local/games', '/usr/games'] var='DOXYGEN' -> None
from /home/sovietreborn/ns3-lbt_research: Could not find the program ['doxygen']
=======
/usr/bin/doxygen
find program=['doxygen'] paths=['/home/sovietreborn/bin', '/home/sovietreborn/.local/bin', '/usr/local/sbin', '/usr/local/bin', '/usr/sbin', '/usr/bin', '/sbin', '/bin', '/usr/games', '/usr/local/games', '/snap/bin', '/usr/lib/jvm/java-8-oracle/bin', '/usr/lib/jvm/java-8-oracle/db/bin', '/usr/lib/jvm/java-8-oracle/jre/bin'] var='DOXYGEN' -> ['/usr/bin/doxygen']
>>>>>>> Stashed changes
